Starting a Gradle Daemon, 1 busy and 1 incompatible and 1 stopped Daemons could not be reused, use --status for details
Calculating task graph as no cached configuration is available for tasks: :app:assembleDebug
> Task :app:preBuild UP-TO-DATE
> Task :app:generateDebugAssets UP-TO-DATE
> Task :app:preDebugBuild UP-TO-DATE
> Task :app:mergeDebugNativeDebugMetadata NO-SOURCE
> Task :app:generateDebugResources
> Task :app:generateDebugBuildConfig
> Task :app:packageDebugResources
> Task :app:processDebugNavigationResources
> Task :app:mergeDebugAssets
> Task :app:compressDebugAssets
> Task :app:desugarDebugFileDependencies
> Task :app:javaPreCompileDebug
> Task :app:kspDebugKotlin
> Task :app:parseDebugLocalResources
> Task :app:generateDebugRFile
> Task :app:mapDebugSourceSetPaths
> Task :app:compileDebugNavigationResources
> Task :app:createDebugCompatibleScreenManifests
> Task :app:extractDeepLinksDebug
> Task :app:checkDebugAarMetadata
> Task :app:processDebugMainManifest
> Task :app:processDebugManifest
> Task :app:processDebugManifestForPackage
> Task :app:mergeDebugJniLibFolders
> Task :app:checkDebugDuplicateClasses
> Task :app:mergeDebugResources
> Task :app:mergeDebugNativeLibs
> Task :app:mergeExtDexDebug

.\gradlew.bat : Exception in thread "AWT-EventQueue-0" 
java.lang.NullPointerException: Cannot invoke 
"ksp.com.intellij.openapi.application.Application.getService(java.lang.Class)" 
because the return value of 
"ksp.com.intellij.openapi.application.ApplicationManager.getApplication()" is 
null
At line:1 char:85
+ ... roid only'; .\gradlew.bat :app:assembleDebug --warning-mode=all --con ...
+                 ~~~~~~~~~~~~~~~~~~~~~~~~~~~~~~~~~~~~~~~~~~~~~~~~~~~~~~~~~
    + CategoryInfo          : NotSpecified: (Exception in th...tion()" is null 
   :String) [], RemoteException
    + FullyQualifiedErrorId : NativeCommandError
 
	at ksp.com.intellij.openapi.fileEditor.FileDocumentManager.getInstance(FileDoc
umentManager.java:35)
	at ksp.com.intellij.openapi.fileTypes.BinaryFileTypeDecompilers.lambda$notifyD
ecompilerSetChange$1(BinaryFileTypeDecompilers.java:29)
	at 
java.desktop/java.awt.event.InvocationEvent.dispatch(InvocationEvent.java:318)
	at java.desktop/java.awt.EventQueue.dispatchEventImpl(EventQueue.java:773)
	at java.desktop/java.awt.EventQueue$4.run(EventQueue.java:720)
	at java.desktop/java.awt.EventQueue$4.run(EventQueue.java:714)
	at java.base/java.security.AccessController.doPrivileged(AccessController.java
:400)
	at java.base/java.security.ProtectionDomain$JavaSecurityAccessImpl.doIntersect
ionPrivilege(ProtectionDomain.java:87)
	at java.desktop/java.awt.EventQueue.dispatchEvent(EventQueue.java:742)
	at java.desktop/java.awt.EventDispatchThread.pumpOneEventForFilters(EventDispa
tchThread.java:203)
	at java.desktop/java.awt.EventDispatchThread.pumpEventsForFilter(EventDispatch
Thread.java:124)
	at java.desktop/java.awt.EventDispatchThread.pumpEventsForHierarchy(EventDispa
tchThread.java:113)
	at java.desktop/java.awt.EventDispatchThread.pumpEvents(EventDispatchThread.ja
va:109)
	at java.desktop/java.awt.EventDispatchThread.pumpEvents(EventDispatchThread.ja
va:101)
	at java.desktop/java.awt.EventDispatchThread.run(EventDispatchThread.java:90)

> Task :app:processDebugResources
> Task :app:mergeLibDexDebug

> Task :app:stripDebugDebugSymbols
Unable to strip the following libraries, packaging them as they are: libandroidx.graphics.path.so. Run with --info option to learn more.

> Task :app:validateSigningDebug FAILED
> Task :app:processDebugResources FAILED
> Task :app:compileDebugKotlin
e: file:///C:/Users/SOURISH%20DUTTA/Downloads/zerobook%20android%20only/app/src
/main/java/com/example/services/InvoiceGenerator.kt:12:19 Unresolved reference 
'zxing'.
e: file:///C:/Users/SOURISH%20DUTTA/Downloads/zerobook%20android%20only/app/src
/main/java/com/example/services/InvoiceGenerator.kt:13:19 Unresolved reference 
'zxing'.
e: file:///C:/Users/SOURISH%20DUTTA/Downloads/zerobook%20android%20only/app/src
/main/java/com/example/services/InvoiceGenerator.kt:14:19 Unresolved reference 
'zxing'.
e: file:///C:/Users/SOURISH%20DUTTA/Downloads/zerobook%20android%20only/app/src
/main/java/com/example/services/InvoiceGenerator.kt:270:45 Argument type 
mismatch: actual type is 'R? (of fun <T, R> T.let)', but 'K? (of fun <K> 
ELVIS_CALL)' was expected.
e: file:///C:/Users/SOURISH%20DUTTA/Downloads/zerobook%20android%20only/app/src
/main/java/com/example/services/InvoiceGenerator.kt:270:52 Unresolved 
reference 'pin'.
e: file:///C:/Users/SOURISH%20DUTTA/Downloads/zerobook%20android%20only/app/src
/main/java/com/example/services/InvoiceGenerator.kt:270:57 Cannot infer type 
for this parameter. Specify it explicitly.
e: file:///C:/Users/SOURISH%20DUTTA/Downloads/zerobook%20android%20only/app/src
/main/java/com/example/services/InvoiceGenerator.kt:270:61 Cannot infer type 
for this parameter. Specify it explicitly.
e: file:///C:/Users/SOURISH%20DUTTA/Downloads/zerobook%20android%20only/app/src
/main/java/com/example/services/InvoiceGenerator.kt:270:106 Argument type 
mismatch: actual type is 'String', but 'K (of fun <K> ELVIS_CALL)' was 
expected.
e: file:///C:/Users/SOURISH%20DUTTA/Downloads/zerobook%20android%20only/app/src
/main/java/com/example/services/InvoiceGenerator.kt:380:28 Unresolved 
reference 'BitMatrix'.
e: file:///C:/Users/SOURISH%20DUTTA/Downloads/zerobook%20android%20only/app/src
/main/java/com/example/services/InvoiceGenerator.kt:380:40 Unresolved 
reference 'MultiFormatWriter'.
e: file:///C:/Users/SOURISH%20DUTTA/Downloads/zerobook%20android%20only/app/src
/main/java/com/example/services/InvoiceGenerator.kt:380:74 Unresolved 
reference 'BarcodeFormat'.
e: file:///C:/Users/SOURISH%20DUTTA/Downloads/zerobook%20android%20only/app/src
/main/java/com/example/services/InvoiceGenerator.kt:384:47 Condition type 
mismatch: inferred type is 'MatchGroup?' but 'Boolean' was expected.
e: file:///C:/Users/SOURISH%20DUTTA/Downloads/zerobook%20android%20only/app/src
/main/java/com/example/services/InvoiceGenerator.kt:384:57 Argument type 
mismatch: actual type is 'Int', but 'String' was expected.
e: file:///C:/Users/SOURISH%20DUTTA/Downloads/zerobook%20android%20only/app/src
/main/java/com/example/services/InvoiceGenerator.kt:384:60 Too many arguments 
for 'fun MatchGroupCollection.get(name: String): MatchGroup?'.
e: file:///C:/Users/SOURISH%20DUTTA/Downloads/zerobook%20android%20only/app/src
/main/java/com/example/ui/AppViewModel.kt:124:48 Unresolved reference 
'fyLabel'.
e: file:///C:/Users/SOURISH%20DUTTA/Downloads/zerobook%20android%20only/app/src
/main/java/com/example/ui/screens/LedgerListScreen.kt:35:24 Type 
'State<List<LedgerAccount>>' has no method 'getValue(Nothing?, 
KProperty0<*>)', so it cannot serve as a delegate.
e: file:///C:/Users/SOURISH%20DUTTA/Downloads/zerobook%20android%20only/app/src
/main/java/com/example/ui/screens/LedgerListScreen.kt:36:23 Type 
'State<List<LedgerEntry>>' has no method 'getValue(Nothing?, KProperty0<*>)', 
so it cannot serve as a delegate.
e: file:///C:/Users/SOURISH%20DUTTA/Downloads/zerobook%20android%20only/app/src
/main/java/com/example/ui/screens/LedgerListScreen.kt:38:22 Cannot infer type 
for this parameter. Specify it explicitly.
e: file:///C:/Users/SOURISH%20DUTTA/Downloads/zerobook%20android%20only/app/src
/main/java/com/example/ui/screens/LedgerListScreen.kt:39:36 Unresolved 
reference 'it'.
e: file:///C:/Users/SOURISH%20DUTTA/Downloads/zerobook%20android%20only/app/src
/main/java/com/example/ui/screens/LedgerListScreen.kt:40:26 Cannot infer type 
for this parameter. Specify it explicitly.
e: file:///C:/Users/SOURISH%20DUTTA/Downloads/zerobook%20android%20only/app/src
/main/java/com/example/ui/screens/LedgerListScreen.kt:40:31 Cannot infer type 
for this parameter. Specify it explicitly.
e: file:///C:/Users/SOURISH%20DUTTA/Downloads/zerobook%20android%20only/app/src
/main/java/com/example/ui/screens/LedgerListScreen.kt:40:52 Unresolved 
reference 'debit'.
e: file:///C:/Users/SOURISH%20DUTTA/Downloads/zerobook%20android%20only/app/src
/main/java/com/example/ui/screens/LedgerListScreen.kt:40:66 Unresolved 
reference 'credit'.
e: file:///C:/Users/SOURISH%20DUTTA/Downloads/zerobook%20android%20only/app/src
/main/java/com/example/ui/screens/LedgerListScreen.kt:81:42 Argument type 
mismatch: actual type is 'Int', but 'LedgerAccount' was expected.
e: file:///C:/Users/SOURISH%20DUTTA/Downloads/zerobook%20android%20only/app/src
/main/java/com/example/ui/screens/LedgerListScreen.kt:81:51 Argument type 
mismatch: actual type is 'Any', but 'Double' was expected.
e: file:///C:/Users/SOURISH%20DUTTA/Downloads/zerobook%20android%20only/app/src
/main/java/com/example/ui/screens/LedgerListScreen.kt:81:70 Unresolved 
reference 'name'.
e: file:///C:/Users/SOURISH%20DUTTA/Downloads/zerobook%20android%20only/app/src
/main/java/com/example/ui/screens/LedgerListScreen.kt:113:42 Unresolved 
reference 'group'.
e: file:///C:/Users/SOURISH%20DUTTA/Downloads/zerobook%20android%20only/app/src
/main/java/com/example/ui/screens/ProductsScreen.kt:97:56 None of the 
following candidates is applicable:
fun colors(): TextFieldColors
fun colors(focusedTextColor: Color = ..., unfocusedTextColor: Color = ..., 
disabledTextColor: Color = ..., errorTextColor: Color = ..., 
focusedContainerColor: Color = ..., unfocusedContainerColor: Color = ..., 
disabledContainerColor: Color = ..., errorContainerColor: Color = ..., 
cursorColor: Color = ..., errorCursorColor: Color = ..., selectionColors: 
TextSelectionColors? = ..., focusedBorderColor: Color = ..., 
unfocusedBorderColor: Color = ..., disabledBorderColor: Color = ..., 
errorBorderColor: Color = ..., focusedLeadingIconColor: Color = ..., 
unfocusedLeadingIconColor: Color = ..., disabledLeadingIconColor: Color = ..., 
errorLeadingIconColor: Color = ..., focusedTrailingIconColor: Color = ..., 
unfocusedTrailingIconColor: Color = ..., disabledTrailingIconColor: Color = 
..., errorTrailingIconColor: Color = ..., focusedLabelColor: Color = ..., 
unfocusedLabelColor: Color = ..., disabledLabelColor: Color = ..., 
errorLabelColor: Color = ..., focusedPlaceholderColor: Color = ..., 
unfocusedPlaceholderColor: Color = ..., disabledPlaceholderColor: Color = ..., 
errorPlaceholderColor: Color = ..., focusedSupportingTextColor: Color = ..., 
unfocusedSupportingTextColor: Color = ..., disabledSupportingTextColor: Color 
= ..., errorSupportingTextColor: Color = ..., focusedPrefixColor: Color = ..., 
unfocusedPrefixColor: Color = ..., disabledPrefixColor: Color = ..., 
errorPrefixColor: Color = ..., focusedSuffixColor: Color = ..., 
unfocusedSuffixColor: Color = ..., disabledSuffixColor: Color = ..., 
errorSuffixColor: Color = ...): TextFieldColors
e: file:///C:/Users/SOURISH%20DUTTA/Downloads/zerobook%20android%20only/app/src
/main/java/com/example/ui/screens/ProductsScreen.kt:223:52 None of the 
following candidates is applicable:
fun colors(): TextFieldColors
fun colors(focusedTextColor: Color = ..., unfocusedTextColor: Color = ..., 
disabledTextColor: Color = ..., errorTextColor: Color = ..., 
focusedContainerColor: Color = ..., unfocusedContainerColor: Color = ..., 
disabledContainerColor: Color = ..., errorContainerColor: Color = ..., 
cursorColor: Color = ..., errorCursorColor: Color = ..., selectionColors: 
TextSelectionColors? = ..., focusedBorderColor: Color = ..., 
unfocusedBorderColor: Color = ..., disabledBorderColor: Color = ..., 
errorBorderColor: Color = ..., focusedLeadingIconColor: Color = ..., 
unfocusedLeadingIconColor: Color = ..., disabledLeadingIconColor: Color = ..., 
errorLeadingIconColor: Color = ..., focusedTrailingIconColor: Color = ..., 
unfocusedTrailingIconColor: Color = ..., disabledTrailingIconColor: Color = 
..., errorTrailingIconColor: Color = ..., focusedLabelColor: Color = ..., 
unfocusedLabelColor: Color = ..., disabledLabelColor: Color = ..., 
errorLabelColor: Color = ..., focusedPlaceholderColor: Color = ..., 
unfocusedPlaceholderColor: Color = ..., disabledPlaceholderColor: Color = ..., 
errorPlaceholderColor: Color = ..., focusedSupportingTextColor: Color = ..., 
unfocusedSupportingTextColor: Color = ..., disabledSupportingTextColor: Color 
= ..., errorSupportingTextColor: Color = ..., focusedPrefixColor: Color = ..., 
unfocusedPrefixColor: Color = ..., disabledPrefixColor: Color = ..., 
errorPrefixColor: Color = ..., focusedSuffixColor: Color = ..., 
unfocusedSuffixColor: Color = ..., disabledSuffixColor: Color = ..., 
errorSuffixColor: Color = ...): TextFieldColors
e: file:///C:/Users/SOURISH%20DUTTA/Downloads/zerobook%20android%20only/app/src
/main/java/com/example/ui/screens/ProductsScreen.kt:247:52 None of the 
following candidates is applicable:
fun colors(): TextFieldColors
fun colors(focusedTextColor: Color = ..., unfocusedTextColor: Color = ..., 
disabledTextColor: Color = ..., errorTextColor: Color = ..., 
focusedContainerColor: Color = ..., unfocusedContainerColor: Color = ..., 
disabledContainerColor: Color = ..., errorContainerColor: Color = ..., 
cursorColor: Color = ..., errorCursorColor: Color = ..., selectionColors: 
TextSelectionColors? = ..., focusedBorderColor: Color = ..., 
unfocusedBorderColor: Color = ..., disabledBorderColor: Color = ..., 
errorBorderColor: Color = ..., focusedLeadingIconColor: Color = ..., 
unfocusedLeadingIconColor: Color = ..., disabledLeadingIconColor: Color = ..., 
errorLeadingIconColor: Color = ..., focusedTrailingIconColor: Color = ..., 
unfocusedTrailingIconColor: Color = ..., disabledTrailingIconColor: Color = 
..., errorTrailingIconColor: Color = ..., focusedLabelColor: Color = ..., 
unfocusedLabelColor: Color = ..., disabledLabelColor: Color = ..., 
errorLabelColor: Color = ..., focusedPlaceholderColor: Color = ..., 
unfocusedPlaceholderColor: Color = ..., disabledPlaceholderColor: Color = ..., 
errorPlaceholderColor: Color = ..., focusedSupportingTextColor: Color = ..., 
unfocusedSupportingTextColor: Color = ..., disabledSupportingTextColor: Color 
= ..., errorSupportingTextColor: Color = ..., focusedPrefixColor: Color = ..., 
unfocusedPrefixColor: Color = ..., disabledPrefixColor: Color = ..., 
errorPrefixColor: Color = ..., focusedSuffixColor: Color = ..., 
unfocusedSuffixColor: Color = ..., disabledSuffixColor: Color = ..., 
errorSuffixColor: Color = ...): TextFieldColors
e: file:///C:/Users/SOURISH%20DUTTA/Downloads/zerobook%20android%20only/app/src
/main/java/com/example/ui/screens/ProductsScreen.kt:279:56 None of the 
following candidates is applicable:
fun colors(): TextFieldColors
fun colors(focusedTextColor: Color = ..., unfocusedTextColor: Color = ..., 
disabledTextColor: Color = ..., errorTextColor: Color = ..., 
focusedContainerColor: Color = ..., unfocusedContainerColor: Color = ..., 
disabledContainerColor: Color = ..., errorContainerColor: Color = ..., 
cursorColor: Color = ..., errorCursorColor: Color = ..., selectionColors: 
TextSelectionColors? = ..., focusedBorderColor: Color = ..., 
unfocusedBorderColor: Color = ..., disabledBorderColor: Color = ..., 
errorBorderColor: Color = ..., focusedLeadingIconColor: Color = ..., 
unfocusedLeadingIconColor: Color = ..., disabledLeadingIconColor: Color = ..., 
errorLeadingIconColor: Color = ..., focusedTrailingIconColor: Color = ..., 
unfocusedTrailingIconColor: Color = ..., disabledTrailingIconColor: Color = 
..., errorTrailingIconColor: Color = ..., focusedLabelColor: Color = ..., 
unfocusedLabelColor: Color = ..., disabledLabelColor: Color = ..., 
errorLabelColor: Color = ..., focusedPlaceholderColor: Color = ..., 
unfocusedPlaceholderColor: Color = ..., disabledPlaceholderColor: Color = ..., 
errorPlaceholderColor: Color = ..., focusedSupportingTextColor: Color = ..., 
unfocusedSupportingTextColor: Color = ..., disabledSupportingTextColor: Color 
= ..., errorSupportingTextColor: Color = ..., focusedPrefixColor: Color = ..., 
unfocusedPrefixColor: Color = ..., disabledPrefixColor: Color = ..., 
errorPrefixColor: Color = ..., focusedSuffixColor: Color = ..., 
unfocusedSuffixColor: Color = ..., disabledSuffixColor: Color = ..., 
errorSuffixColor: Color = ...): TextFieldColors
e: file:///C:/Users/SOURISH%20DUTTA/Downloads/zerobook%20android%20only/app/src
/main/java/com/example/ui/screens/ProductsScreen.kt:321:56 None of the 
following candidates is applicable:
fun colors(): TextFieldColors
fun colors(focusedTextColor: Color = ..., unfocusedTextColor: Color = ..., 
disabledTextColor: Color = ..., errorTextColor: Color = ..., 
focusedContainerColor: Color = ..., unfocusedContainerColor: Color = ..., 
disabledContainerColor: Color = ..., errorContainerColor: Color = ..., 
cursorColor: Color = ..., errorCursorColor: Color = ..., selectionColors: 
TextSelectionColors? = ..., focusedBorderColor: Color = ..., 
unfocusedBorderColor: Color = ..., disabledBorderColor: Color = ..., 
errorBorderColor: Color = ..., focusedLeadingIconColor: Color = ..., 
unfocusedLeadingIconColor: Color = ..., disabledLeadingIconColor: Color = ..., 
errorLeadingIconColor: Color = ..., focusedTrailingIconColor: Color = ..., 
unfocusedTrailingIconColor: Color = ..., disabledTrailingIconColor: Color = 
..., errorTrailingIconColor: Color = ..., focusedLabelColor: Color = ..., 
unfocusedLabelColor: Color = ..., disabledLabelColor: Color = ..., 
errorLabelColor: Color = ..., focusedPlaceholderColor: Color = ..., 
unfocusedPlaceholderColor: Color = ..., disabledPlaceholderColor: Color = ..., 
errorPlaceholderColor: Color = ..., focusedSupportingTextColor: Color = ..., 
unfocusedSupportingTextColor: Color = ..., disabledSupportingTextColor: Color 
= ..., errorSupportingTextColor: Color = ..., focusedPrefixColor: Color = ..., 
unfocusedPrefixColor: Color = ..., disabledPrefixColor: Color = ..., 
errorPrefixColor: Color = ..., focusedSuffixColor: Color = ..., 
unfocusedSuffixColor: Color = ..., disabledSuffixColor: Color = ..., 
errorSuffixColor: Color = ...): TextFieldColors
e: file:///C:/Users/SOURISH%20DUTTA/Downloads/zerobook%20android%20only/app/src
/main/java/com/example/ui/screens/ProductsScreen.kt:345:56 None of the 
following candidates is applicable:
fun colors(): TextFieldColors
fun colors(focusedTextColor: Color = ..., unfocusedTextColor: Color = ..., 
disabledTextColor: Color = ..., errorTextColor: Color = ..., 
focusedContainerColor: Color = ..., unfocusedContainerColor: Color = ..., 
disabledContainerColor: Color = ..., errorContainerColor: Color = ..., 
cursorColor: Color = ..., errorCursorColor: Color = ..., selectionColors: 
TextSelectionColors? = ..., focusedBorderColor: Color = ..., 
unfocusedBorderColor: Color = ..., disabledBorderColor: Color = ..., 
errorBorderColor: Color = ..., focusedLeadingIconColor: Color = ..., 
unfocusedLeadingIconColor: Color = ..., disabledLeadingIconColor: Color = ..., 
errorLeadingIconColor: Color = ..., focusedTrailingIconColor: Color = ..., 
unfocusedTrailingIconColor: Color = ..., disabledTrailingIconColor: Color = 
..., errorTrailingIconColor: Color = ..., focusedLabelColor: Color = ..., 
unfocusedLabelColor: Color = ..., disabledLabelColor: Color = ..., 
errorLabelColor: Color = ..., focusedPlaceholderColor: Color = ..., 
unfocusedPlaceholderColor: Color = ..., disabledPlaceholderColor: Color = ..., 
errorPlaceholderColor: Color = ..., focusedSupportingTextColor: Color = ..., 
unfocusedSupportingTextColor: Color = ..., disabledSupportingTextColor: Color 
= ..., errorSupportingTextColor: Color = ..., focusedPrefixColor: Color = ..., 
unfocusedPrefixColor: Color = ..., disabledPrefixColor: Color = ..., 
errorPrefixColor: Color = ..., focusedSuffixColor: Color = ..., 
unfocusedSuffixColor: Color = ..., disabledSuffixColor: Color = ..., 
errorSuffixColor: Color = ...): TextFieldColors
e: file:///C:/Users/SOURISH%20DUTTA/Downloads/zerobook%20android%20only/app/src
/main/java/com/example/ui/screens/ProductsScreen.kt:377:56 None of the 
following candidates is applicable:
fun colors(): TextFieldColors
fun colors(focusedTextColor: Color = ..., unfocusedTextColor: Color = ..., 
disabledTextColor: Color = ..., errorTextColor: Color = ..., 
focusedContainerColor: Color = ..., unfocusedContainerColor: Color = ..., 
disabledContainerColor: Color = ..., errorContainerColor: Color = ..., 
cursorColor: Color = ..., errorCursorColor: Color = ..., selectionColors: 
TextSelectionColors? = ..., focusedBorderColor: Color = ..., 
unfocusedBorderColor: Color = ..., disabledBorderColor: Color = ..., 
errorBorderColor: Color = ..., focusedLeadingIconColor: Color = ..., 
unfocusedLeadingIconColor: Color = ..., disabledLeadingIconColor: Color = ..., 
errorLeadingIconColor: Color = ..., focusedTrailingIconColor: Color = ..., 
unfocusedTrailingIconColor: Color = ..., disabledTrailingIconColor: Color = 
..., errorTrailingIconColor: Color = ..., focusedLabelColor: Color = ..., 
unfocusedLabelColor: Color = ..., disabledLabelColor: Color = ..., 
errorLabelColor: Color = ..., focusedPlaceholderColor: Color = ..., 
unfocusedPlaceholderColor: Color = ..., disabledPlaceholderColor: Color = ..., 
errorPlaceholderColor: Color = ..., focusedSupportingTextColor: Color = ..., 
unfocusedSupportingTextColor: Color = ..., disabledSupportingTextColor: Color 
= ..., errorSupportingTextColor: Color = ..., focusedPrefixColor: Color = ..., 
unfocusedPrefixColor: Color = ..., disabledPrefixColor: Color = ..., 
errorPrefixColor: Color = ..., focusedSuffixColor: Color = ..., 
unfocusedSuffixColor: Color = ..., disabledSuffixColor: Color = ..., 
errorSuffixColor: Color = ...): TextFieldColors
e: file:///C:/Users/SOURISH%20DUTTA/Downloads/zerobook%20android%20only/app/src
/main/java/com/example/ui/screens/ProductsScreen.kt:418:52 None of the 
following candidates is applicable:
fun colors(): TextFieldColors
fun colors(focusedTextColor: Color = ..., unfocusedTextColor: Color = ..., 
disabledTextColor: Color = ..., errorTextColor: Color = ..., 
focusedContainerColor: Color = ..., unfocusedContainerColor: Color = ..., 
disabledContainerColor: Color = ..., errorContainerColor: Color = ..., 
cursorColor: Color = ..., errorCursorColor: Color = ..., selectionColors: 
TextSelectionColors? = ..., focusedBorderColor: Color = ..., 
unfocusedBorderColor: Color = ..., disabledBorderColor: Color = ..., 
errorBorderColor: Color = ..., focusedLeadingIconColor: Color = ..., 
unfocusedLeadingIconColor: Color = ..., disabledLeadingIconColor: Color = ..., 
errorLeadingIconColor: Color = ..., focusedTrailingIconColor: Color = ..., 
unfocusedTrailingIconColor: Color = ..., disabledTrailingIconColor: Color = 
..., errorTrailingIconColor: Color = ..., focusedLabelColor: Color = ..., 
unfocusedLabelColor: Color = ..., disabledLabelColor: Color = ..., 
errorLabelColor: Color = ..., focusedPlaceholderColor: Color = ..., 
unfocusedPlaceholderColor: Color = ..., disabledPlaceholderColor: Color = ..., 
errorPlaceholderColor: Color = ..., focusedSupportingTextColor: Color = ..., 
unfocusedSupportingTextColor: Color = ..., disabledSupportingTextColor: Color 
= ..., errorSupportingTextColor: Color = ..., focusedPrefixColor: Color = ..., 
unfocusedPrefixColor: Color = ..., disabledPrefixColor: Color = ..., 
errorPrefixColor: Color = ..., focusedSuffixColor: Color = ..., 
unfocusedSuffixColor: Color = ..., disabledSuffixColor: Color = ..., 
errorSuffixColor: Color = ...): TextFieldColors
e: file:///C:/Users/SOURISH%20DUTTA/Downloads/zerobook%20android%20only/app/src
/main/java/com/example/ui/screens/SettingsScreen.kt:101:56 No parameter with 
name 'fyStartMonth' found.
e: file:///C:/Users/SOURISH%20DUTTA/Downloads/zerobook%20android%20only/app/src
/main/java/com/example/ui/screens/SettingsScreen.kt:101:74 No parameter with 
name 'fyStartYear' found.
e: file:///C:/Users/SOURISH%20DUTTA/Downloads/zerobook%20android%20only/app/src
/main/java/com/example/ui/screens/SettingsScreen.kt:101:94 No parameter with 
name 'fyEndYear' found.
e: file:///C:/Users/SOURISH%20DUTTA/Downloads/zerobook%20android%20only/app/src
/main/java/com/example/ui/screens/SettingsScreen.kt:101:112 No parameter with 
name 'fyLabel' found.
e: file:///C:/Users/SOURISH%20DUTTA/Downloads/zerobook%20android%20only/app/src
/main/java/com/example/ui/screens/SettingsScreen.kt:117:33 Cannot infer type 
for this parameter. Specify it explicitly.
e: file:///C:/Users/SOURISH%20DUTTA/Downloads/zerobook%20android%20only/app/src
/main/java/com/example/ui/screens/SettingsScreen.kt:117:33 Not enough 
information to infer type argument for 'T'.
e: file:///C:/Users/SOURISH%20DUTTA/Downloads/zerobook%20android%20only/app/src
/main/java/com/example/ui/screens/SettingsScreen.kt:117:33 Cannot infer type 
for this parameter. Specify it explicitly.
e: file:///C:/Users/SOURISH%20DUTTA/Downloads/zerobook%20android%20only/app/src
/main/java/com/example/ui/screens/SettingsScreen.kt:117:33 Not enough 
information to infer type argument for 'T'.
e: file:///C:/Users/SOURISH%20DUTTA/Downloads/zerobook%20android%20only/app/src
/main/java/com/example/ui/screens/SettingsScreen.kt:117:44 Cannot infer type 
for this parameter. Specify it explicitly.
e: file:///C:/Users/SOURISH%20DUTTA/Downloads/zerobook%20android%20only/app/src
/main/java/com/example/ui/screens/SettingsScreen.kt:117:44 Not enough 
information to infer type argument for 'T'.
e: file:///C:/Users/SOURISH%20DUTTA/Downloads/zerobook%20android%20only/app/src
/main/java/com/example/ui/screens/SettingsScreen.kt:117:67 Unresolved 
reference 'fyStartMonth'.
e: file:///C:/Users/SOURISH%20DUTTA/Downloads/zerobook%20android%20only/app/src
/main/java/com/example/ui/screens/SettingsScreen.kt:118:32 Cannot infer type 
for this parameter. Specify it explicitly.
e: file:///C:/Users/SOURISH%20DUTTA/Downloads/zerobook%20android%20only/app/src
/main/java/com/example/ui/screens/SettingsScreen.kt:118:32 Not enough 
information to infer type argument for 'T'.
e: file:///C:/Users/SOURISH%20DUTTA/Downloads/zerobook%20android%20only/app/src
/main/java/com/example/ui/screens/SettingsScreen.kt:118:32 Cannot infer type 
for this parameter. Specify it explicitly.
e: file:///C:/Users/SOURISH%20DUTTA/Downloads/zerobook%20android%20only/app/src
/main/java/com/example/ui/screens/SettingsScreen.kt:118:32 Not enough 
information to infer type argument for 'T'.
e: file:///C:/Users/SOURISH%20DUTTA/Downloads/zerobook%20android%20only/app/src
/main/java/com/example/ui/screens/SettingsScreen.kt:118:43 Cannot infer type 
for this parameter. Specify it explicitly.
e: file:///C:/Users/SOURISH%20DUTTA/Downloads/zerobook%20android%20only/app/src
/main/java/com/example/ui/screens/SettingsScreen.kt:118:43 Not enough 
information to infer type argument for 'T'.
e: file:///C:/Users/SOURISH%20DUTTA/Downloads/zerobook%20android%20only/app/src
/main/java/com/example/ui/screens/SettingsScreen.kt:118:66 Unresolved 
reference 'fyStartYear'.
e: file:///C:/Users/SOURISH%20DUTTA/Downloads/zerobook%20android%20only/app/src
/main/java/com/example/ui/screens/SettingsScreen.kt:119:30 Cannot infer type 
for this parameter. Specify it explicitly.
e: file:///C:/Users/SOURISH%20DUTTA/Downloads/zerobook%20android%20only/app/src
/main/java/com/example/ui/screens/SettingsScreen.kt:119:30 Not enough 
information to infer type argument for 'T'.
e: file:///C:/Users/SOURISH%20DUTTA/Downloads/zerobook%20android%20only/app/src
/main/java/com/example/ui/screens/SettingsScreen.kt:119:30 Cannot infer type 
for this parameter. Specify it explicitly.
e: file:///C:/Users/SOURISH%20DUTTA/Downloads/zerobook%20android%20only/app/src
/main/java/com/example/ui/screens/SettingsScreen.kt:119:30 Not enough 
information to infer type argument for 'T'.
e: file:///C:/Users/SOURISH%20DUTTA/Downloads/zerobook%20android%20only/app/src
/main/java/com/example/ui/screens/SettingsScreen.kt:119:41 Cannot infer type 
for this parameter. Specify it explicitly.
e: file:///C:/Users/SOURISH%20DUTTA/Downloads/zerobook%20android%20only/app/src
/main/java/com/example/ui/screens/SettingsScreen.kt:119:41 Not enough 
information to infer type argument for 'T'.
e: file:///C:/Users/SOURISH%20DUTTA/Downloads/zerobook%20android%20only/app/src
/main/java/com/example/ui/screens/SettingsScreen.kt:119:64 Unresolved 
reference 'fyEndYear'.
e: file:///C:/Users/SOURISH%20DUTTA/Downloads/zerobook%20android%20only/app/src
/main/java/com/example/ui/screens/SettingsScreen.kt:120:28 Cannot infer type 
for this parameter. Specify it explicitly.
e: file:///C:/Users/SOURISH%20DUTTA/Downloads/zerobook%20android%20only/app/src
/main/java/com/example/ui/screens/SettingsScreen.kt:120:28 Not enough 
information to infer type argument for 'T'.
e: file:///C:/Users/SOURISH%20DUTTA/Downloads/zerobook%20android%20only/app/src
/main/java/com/example/ui/screens/SettingsScreen.kt:120:28 Cannot infer type 
for this parameter. Specify it explicitly.
e: file:///C:/Users/SOURISH%20DUTTA/Downloads/zerobook%20android%20only/app/src
/main/java/com/example/ui/screens/SettingsScreen.kt:120:28 Not enough 
information to infer type argument for 'T'.
e: file:///C:/Users/SOURISH%20DUTTA/Downloads/zerobook%20android%20only/app/src
/main/java/com/example/ui/screens/SettingsScreen.kt:120:39 Cannot infer type 
for this parameter. Specify it explicitly.
e: file:///C:/Users/SOURISH%20DUTTA/Downloads/zerobook%20android%20only/app/src
/main/java/com/example/ui/screens/SettingsScreen.kt:120:39 Not enough 
information to infer type argument for 'T'.
e: file:///C:/Users/SOURISH%20DUTTA/Downloads/zerobook%20android%20only/app/src
/main/java/com/example/ui/screens/SettingsScreen.kt:120:62 Unresolved 
reference 'fyLabel'.
e: file:///C:/Users/SOURISH%20DUTTA/Downloads/zerobook%20android%20only/app/src
/main/java/com/example/ui/screens/SettingsScreen.kt:448:33 No parameter with 
name 'fyStartMonth' found.
e: file:///C:/Users/SOURISH%20DUTTA/Downloads/zerobook%20android%20only/app/src
/main/java/com/example/ui/screens/SettingsScreen.kt:449:33 No parameter with 
name 'fyStartYear' found.
e: file:///C:/Users/SOURISH%20DUTTA/Downloads/zerobook%20android%20only/app/src
/main/java/com/example/ui/screens/SettingsScreen.kt:450:33 No parameter with 
name 'fyEndYear' found.
e: file:///C:/Users/SOURISH%20DUTTA/Downloads/zerobook%20android%20only/app/src
/main/java/com/example/ui/screens/SettingsScreen.kt:451:33 No parameter with 
name 'fyLabel' found.
e: file:///C:/Users/SOURISH%20DUTTA/Downloads/zerobook%20android%20only/app/src
/main/java/com/example/ui/screens/SettingsScreen.kt:602:52 No parameter with 
name 'fyStartMonth' found.
e: file:///C:/Users/SOURISH%20DUTTA/Downloads/zerobook%20android%20only/app/src
/main/java/com/example/ui/screens/SettingsScreen.kt:602:70 No parameter with 
name 'fyStartYear' found.
e: file:///C:/Users/SOURISH%20DUTTA/Downloads/zerobook%20android%20only/app/src
/main/java/com/example/ui/screens/SettingsScreen.kt:602:90 No parameter with 
name 'fyEndYear' found.
e: file:///C:/Users/SOURISH%20DUTTA/Downloads/zerobook%20android%20only/app/src
/main/java/com/example/ui/screens/SettingsScreen.kt:602:108 No parameter with 
name 'fyLabel' found.
e: file:///C:/Users/SOURISH%20DUTTA/Downloads/zerobook%20android%20only/app/src
/main/java/com/example/ui/screens/SettingsScreen.kt:605:64 Unresolved 
reference 'fyStartYear'.
e: file:///C:/Users/SOURISH%20DUTTA/Downloads/zerobook%20android%20only/app/src
/main/java/com/example/ui/screens/SettingsScreen.kt:620:21 No parameter with 
name 'fyStartYear' found.
e: file:///C:/Users/SOURISH%20DUTTA/Downloads/zerobook%20android%20only/app/src
/main/java/com/example/ui/screens/SettingsScreen.kt:621:21 No parameter with 
name 'fyEndYear' found.
e: file:///C:/Users/SOURISH%20DUTTA/Downloads/zerobook%20android%20only/app/src
/main/java/com/example/ui/screens/SettingsScreen.kt:622:21 No parameter with 
name 'fyLabel' found.
e: file:///C:/Users/SOURISH%20DUTTA/Downloads/zerobook%20android%20only/app/src
/main/java/com/example/ui/screens/SettingsScreen.kt:1102:39 Unresolved 
reference 'navigateToLedgerBooks'.
e: file:///C:/Users/SOURISH%20DUTTA/Downloads/zerobook%20android%20only/app/src
/main/java/com/example/ui/screens/SettingsScreen.kt:1108:13 No value passed 
for parameter 'title'.
e: file:///C:/Users/SOURISH%20DUTTA/Downloads/zerobook%20android%20only/app/src
/main/java/com/example/utils/FilePicker.kt:3:24 Conflicting import: imported 
name 'Context' is ambiguous.
e: file:///C:/Users/SOURISH%20DUTTA/Downloads/zerobook%20android%20only/app/src
/main/java/com/example/utils/FilePicker.kt:4:24 Conflicting import: imported 
name 'Context' is ambiguous.

> Task :app:compileDebugKotlin FAILED

FAILURE: Build completed with 3 failures.

1: Task failed with an exception.
-----------
* What went wrong:
Execution failed for task ':app:validateSigningDebug'.
> Keystore file 'C:\Users\SOURISH DUTTA\Downloads\zerobook android 
only\debug.keystore' not found for signing config 'debugConfig'.

* Try:
> Run with --info or --debug option to get more log output.
> Run with --scan to get full insights from a Build Scan (powered by 
Develocity).
> Get more help at https://help.gradle.org.

* Exception is:
org.gradle.api.tasks.TaskExecutionException: Execution failed for task 
':app:validateSigningDebug'.
	at org.gradle.api.internal.tasks.execution.ExecuteActionsTaskExecuter.lambda$e
xecuteIfValid$1(ExecuteActionsTaskExecuter.java:135)
	at org.gradle.internal.Try$Failure.ifSuccessfulOrElse(Try.java:288)
	at org.gradle.api.internal.tasks.execution.ExecuteActionsTaskExecuter.executeI
fValid(ExecuteActionsTaskExecuter.java:133)
	at org.gradle.api.internal.tasks.execution.ExecuteActionsTaskExecuter.execute(
ExecuteActionsTaskExecuter.java:121)
	at org.gradle.api.internal.tasks.execution.ProblemsTaskPathTrackingTaskExecute
r.execute(ProblemsTaskPathTrackingTaskExecuter.java:41)
	at org.gradle.api.internal.tasks.execution.FinalizePropertiesTaskExecuter.exec
ute(FinalizePropertiesTaskExecuter.java:46)
	at org.gradle.api.internal.tasks.execution.ResolveTaskExecutionModeExecuter.ex
ecute(ResolveTaskExecutionModeExecuter.java:51)
	at org.gradle.api.internal.tasks.execution.SkipTaskWithNoActionsExecuter.execu
te(SkipTaskWithNoActionsExecuter.java:57)
	at org.gradle.api.internal.tasks.execution.SkipOnlyIfTaskExecuter.execute(Skip
OnlyIfTaskExecuter.java:74)
	at org.gradle.api.internal.tasks.execution.CatchExceptionTaskExecuter.execute(
CatchExceptionTaskExecuter.java:36)
	at org.gradle.api.internal.tasks.execution.EventFiringTaskExecuter$1.executeTa
sk(EventFiringTaskExecuter.java:77)
	at org.gradle.api.internal.tasks.execution.EventFiringTaskExecuter$1.call(Even
tFiringTaskExecuter.java:55)
	at org.gradle.api.internal.tasks.execution.EventFiringTaskExecuter$1.call(Even
tFiringTaskExecuter.java:52)
	at org.gradle.internal.operations.DefaultBuildOperationRunner$CallableBuildOpe
rationWorker.execute(DefaultBuildOperationRunner.java:209)
	at org.gradle.internal.operations.DefaultBuildOperationRunner$CallableBuildOpe
rationWorker.execute(DefaultBuildOperationRunner.java:204)
	at org.gradle.internal.operations.DefaultBuildOperationRunner$2.execute(Defaul
tBuildOperationRunner.java:66)
	at org.gradle.internal.operations.DefaultBuildOperationRunner$2.execute(Defaul
tBuildOperationRunner.java:59)
	at org.gradle.internal.operations.DefaultBuildOperationRunner.execute(DefaultB
uildOperationRunner.java:166)
	at org.gradle.internal.operations.DefaultBuildOperationRunner.execute(DefaultB
uildOperationRunner.java:59)
	at org.gradle.internal.operations.DefaultBuildOperationRunner.call(DefaultBuil
dOperationRunner.java:53)
	at org.gradle.api.internal.tasks.execution.EventFiringTaskExecuter.execute(Eve
ntFiringTaskExecuter.java:52)
	at org.gradle.execution.plan.DefaultNodeExecutor.executeLocalTaskNode(DefaultN
odeExecutor.java:55)
	at org.gradle.execution.plan.DefaultNodeExecutor.execute(DefaultNodeExecutor.j
ava:34)
	at org.gradle.execution.taskgraph.DefaultTaskExecutionGraph$InvokeNodeExecutor
sAction.execute(DefaultTaskExecutionGraph.java:355)
	at org.gradle.execution.taskgraph.DefaultTaskExecutionGraph$InvokeNodeExecutor
sAction.execute(DefaultTaskExecutionGraph.java:343)
	at org.gradle.execution.taskgraph.DefaultTaskExecutionGraph$BuildOperationAwar
eExecutionAction.lambda$execute$0(DefaultTaskExecutionGraph.java:339)
	at org.gradle.internal.operations.CurrentBuildOperationRef.with(CurrentBuildOp
erationRef.java:84)
	at org.gradle.execution.taskgraph.DefaultTaskExecutionGraph$BuildOperationAwar
eExecutionAction.execute(DefaultTaskExecutionGraph.java:339)
	at org.gradle.execution.taskgraph.DefaultTaskExecutionGraph$BuildOperationAwar
eExecutionAction.execute(DefaultTaskExecutionGraph.java:328)
	at org.gradle.execution.plan.DefaultPlanExecutor$ExecutorWorker.execute(Defaul
tPlanExecutor.java:459)
	at org.gradle.execution.plan.DefaultPlanExecutor$ExecutorWorker.run(DefaultPla
nExecutor.java:376)
	at org.gradle.internal.concurrent.ExecutorPolicy$CatchAndRecordFailures.onExec
ute(ExecutorPolicy.java:64)
	at org.gradle.internal.concurrent.AbstractManagedExecutor$1.run(AbstractManage
dExecutor.java:47)
Caused by: org.gradle.api.InvalidUserDataException: Keystore file 
'C:\Users\SOURISH DUTTA\Downloads\zerobook android only\debug.keystore' not 
found for signing config 'debugConfig'.
	at com.android.build.gradle.internal.tasks.ValidateSigningTask.doTaskAction(Va
lidateSigningTask.kt:83)
	at com.android.build.gradle.internal.tasks.NonIncrementalTask$taskAction$$inli
ned$recordTaskAction$1.invoke(BaseTask.kt:72)
	at com.android.build.gradle.internal.tasks.Blocks.recordSpan(Blocks.java:51)
	at com.android.build.gradle.internal.tasks.NonIncrementalTask.taskAction(NonIn
crementalTask.kt:71)
	at org.gradle.internal.reflect.JavaMethod.invoke(JavaMethod.java:125)
	at org.gradle.api.internal.project.taskfactory.StandardTaskAction.doExecute(St
andardTaskAction.java:58)
	at org.gradle.api.internal.project.taskfactory.StandardTaskAction.execute(Stan
dardTaskAction.java:51)
	at org.gradle.api.internal.project.taskfactory.StandardTaskAction.execute(Stan
dardTaskAction.java:29)
	at org.gradle.api.internal.tasks.execution.TaskExecution$3.run(TaskExecution.j
ava:259)
	at org.gradle.internal.operations.DefaultBuildOperationRunner$1.execute(Defaul
tBuildOperationRunner.java:29)
	at org.gradle.internal.operations.DefaultBuildOperationRunner$1.execute(Defaul
tBuildOperationRunner.java:26)
	at org.gradle.internal.operations.DefaultBuildOperationRunner$2.execute(Defaul
tBuildOperationRunner.java:66)
	at org.gradle.internal.operations.DefaultBuildOperationRunner$2.execute(Defaul
tBuildOperationRunner.java:59)
	at org.gradle.internal.operations.DefaultBuildOperationRunner.execute(DefaultB
uildOperationRunner.java:166)
	at org.gradle.internal.operations.DefaultBuildOperationRunner.execute(DefaultB
uildOperationRunner.java:59)
	at org.gradle.internal.operations.DefaultBuildOperationRunner.run(DefaultBuild
OperationRunner.java:47)
	at org.gradle.api.internal.tasks.execution.TaskExecution.executeAction(TaskExe
cution.java:244)
	at org.gradle.api.internal.tasks.execution.TaskExecution.executeActions(TaskEx
ecution.java:227)
	at org.gradle.api.internal.tasks.execution.TaskExecution.executeWithPreviousOu
tputFiles(TaskExecution.java:210)
	at org.gradle.api.internal.tasks.execution.TaskExecution.execute(TaskExecution
.java:176)
	at org.gradle.internal.execution.steps.ExecuteStep.executeInternal(ExecuteStep
.java:110)
	at 
org.gradle.internal.execution.steps.ExecuteStep.access$000(ExecuteStep.java:47)
	at org.gradle.internal.execution.steps.ExecuteStep$1.call(ExecuteStep.java:64)
	at org.gradle.internal.execution.steps.ExecuteStep$1.call(ExecuteStep.java:61)
	at org.gradle.internal.operations.DefaultBuildOperationRunner$CallableBuildOpe
rationWorker.execute(DefaultBuildOperationRunner.java:209)
	at org.gradle.internal.operations.DefaultBuildOperationRunner$CallableBuildOpe
rationWorker.execute(DefaultBuildOperationRunner.java:204)
	at org.gradle.internal.operations.DefaultBuildOperationRunner$2.execute(Defaul
tBuildOperationRunner.java:66)
	at org.gradle.internal.operations.DefaultBuildOperationRunner$2.execute(Defaul
tBuildOperationRunner.java:59)
	at org.gradle.internal.operations.DefaultBuildOperationRunner.execute(DefaultB
uildOperationRunner.java:166)
	at org.gradle.internal.operations.DefaultBuildOperationRunner.execute(DefaultB
uildOperationRunner.java:59)
	at org.gradle.internal.operations.DefaultBuildOperationRunner.call(DefaultBuil
dOperationRunner.java:53)
	at 
org.gradle.internal.execution.steps.ExecuteStep.execute(ExecuteStep.java:61)
	at 
org.gradle.internal.execution.steps.ExecuteStep.execute(ExecuteStep.java:47)
	at org.gradle.internal.execution.steps.CancelExecutionStep.execute(CancelExecu
tionStep.java:42)
	at org.gradle.internal.execution.steps.TimeoutStep.executeWithoutTimeout(Timeo
utStep.java:75)
	at 
org.gradle.internal.execution.steps.TimeoutStep.execute(TimeoutStep.java:55)
	at org.gradle.internal.execution.steps.PreCreateOutputParentsStep.execute(PreC
reateOutputParentsStep.java:51)
	at org.gradle.internal.execution.steps.PreCreateOutputParentsStep.execute(PreC
reateOutputParentsStep.java:29)
	at org.gradle.internal.execution.steps.RemovePreviousOutputsStep.executeMutabl
e(RemovePreviousOutputsStep.java:70)
	at org.gradle.internal.execution.steps.RemovePreviousOutputsStep.executeMutabl
e(RemovePreviousOutputsStep.java:40)
	at 
org.gradle.internal.execution.steps.MutableStep.execute(MutableStep.java:25)
	at org.gradle.internal.execution.steps.BroadcastChangingOutputsStep.execute(Br
oadcastChangingOutputsStep.java:62)
	at org.gradle.internal.execution.steps.BroadcastChangingOutputsStep.execute(Br
oadcastChangingOutputsStep.java:27)
	at org.gradle.internal.execution.steps.CaptureOutputsAfterExecutionStep.execut
e(CaptureOutputsAfterExecutionStep.java:69)
	at org.gradle.internal.execution.steps.CaptureOutputsAfterExecutionStep.execut
e(CaptureOutputsAfterExecutionStep.java:46)
	at org.gradle.internal.execution.steps.ResolveInputChangesStep.executeMutable(
ResolveInputChangesStep.java:39)
	at org.gradle.internal.execution.steps.ResolveInputChangesStep.executeMutable(
ResolveInputChangesStep.java:28)
	at 
org.gradle.internal.execution.steps.MutableStep.execute(MutableStep.java:25)
	at org.gradle.internal.execution.steps.BuildCacheStep.executeWithoutCache(Buil
dCacheStep.java:192)
	at org.gradle.internal.execution.steps.BuildCacheStep.lambda$execute$1(BuildCa
cheStep.java:76)
	at org.gradle.internal.Either$Right.fold(Either.java:176)
	at 
org.gradle.internal.execution.caching.CachingState.fold(CachingState.java:62)
	at org.gradle.internal.execution.steps.BuildCacheStep.execute(BuildCacheStep.j
ava:74)
	at org.gradle.internal.execution.steps.BuildCacheStep.execute(BuildCacheStep.j
ava:49)
	at org.gradle.internal.execution.steps.StoreExecutionStateStep.execute(StoreEx
ecutionStateStep.java:46)
	at org.gradle.internal.execution.steps.StoreExecutionStateStep.execute(StoreEx
ecutionStateStep.java:35)
	at org.gradle.internal.execution.steps.SkipUpToDateStep.executeBecause(SkipUpT
oDateStep.java:75)
	at org.gradle.internal.execution.steps.SkipUpToDateStep.lambda$execute$2(SkipU
pToDateStep.java:53)
	at org.gradle.internal.execution.steps.SkipUpToDateStep.execute(SkipUpToDateSt
ep.java:53)
	at org.gradle.internal.execution.steps.SkipUpToDateStep.execute(SkipUpToDateSt
ep.java:35)
	at org.gradle.internal.execution.steps.legacy.MarkSnapshottingInputsFinishedSt
ep.execute(MarkSnapshottingInputsFinishedStep.java:37)
	at org.gradle.internal.execution.steps.legacy.MarkSnapshottingInputsFinishedSt
ep.execute(MarkSnapshottingInputsFinishedStep.java:27)
	at org.gradle.internal.execution.steps.ResolveIncrementalCachingStateStep.exec
uteDelegate(ResolveIncrementalCachingStateStep.java:49)
	at org.gradle.internal.execution.steps.ResolveIncrementalCachingStateStep.exec
uteDelegate(ResolveIncrementalCachingStateStep.java:27)
	at org.gradle.internal.execution.steps.AbstractResolveCachingStateStep.execute
(AbstractResolveCachingStateStep.java:71)
	at org.gradle.internal.execution.steps.AbstractResolveCachingStateStep.execute
(AbstractResolveCachingStateStep.java:39)
	at org.gradle.internal.execution.steps.ResolveChangesStep.executeMutable(Resol
veChangesStep.java:63)
	at org.gradle.internal.execution.steps.ResolveChangesStep.executeMutable(Resol
veChangesStep.java:34)
	at 
org.gradle.internal.execution.steps.MutableStep.execute(MutableStep.java:25)
	at 
org.gradle.internal.execution.steps.ValidateStep.execute(ValidateStep.java:64)
	at 
org.gradle.internal.execution.steps.ValidateStep.execute(ValidateStep.java:42)
	at org.gradle.internal.execution.steps.AbstractCaptureStateBeforeExecutionStep
.execute(AbstractCaptureStateBeforeExecutionStep.java:77)
	at org.gradle.internal.execution.steps.AbstractCaptureStateBeforeExecutionStep
.execute(AbstractCaptureStateBeforeExecutionStep.java:46)
	at org.gradle.internal.execution.steps.AbstractSkipEmptyWorkStep.executeWithNo
nEmptySources(AbstractSkipEmptyWorkStep.java:133)
	at org.gradle.internal.execution.steps.AbstractSkipEmptyWorkStep.execute(Abstr
actSkipEmptyWorkStep.java:59)
	at org.gradle.internal.execution.steps.AbstractSkipEmptyWorkStep.execute(Abstr
actSkipEmptyWorkStep.java:36)
	at org.gradle.internal.execution.steps.legacy.MarkSnapshottingInputsStartedSte
p.execute(MarkSnapshottingInputsStartedStep.java:38)
	at org.gradle.internal.execution.steps.LoadPreviousExecutionStateStep.execute(
LoadPreviousExecutionStateStep.java:36)
	at org.gradle.internal.execution.steps.LoadPreviousExecutionStateStep.execute(
LoadPreviousExecutionStateStep.java:23)
	at org.gradle.internal.execution.steps.HandleStaleOutputsStep.executeMutable(H
andleStaleOutputsStep.java:77)
	at org.gradle.internal.execution.steps.HandleStaleOutputsStep.executeMutable(H
andleStaleOutputsStep.java:43)
	at 
org.gradle.internal.execution.steps.MutableStep.execute(MutableStep.java:25)
	at org.gradle.internal.execution.steps.AssignMutableWorkspaceStep.lambda$execu
te$0(AssignMutableWorkspaceStep.java:35)
	at org.gradle.api.internal.tasks.execution.TaskExecution$4.withWorkspace(TaskE
xecution.java:305)
	at org.gradle.internal.execution.steps.AssignMutableWorkspaceStep.execute(Assi
gnMutableWorkspaceStep.java:31)
	at org.gradle.internal.execution.steps.AssignMutableWorkspaceStep.execute(Assi
gnMutableWorkspaceStep.java:22)
	at org.gradle.internal.execution.steps.ChoosePipelineStep.execute(ChoosePipeli
neStep.java:40)
	at org.gradle.internal.execution.steps.ChoosePipelineStep.execute(ChoosePipeli
neStep.java:23)
	at org.gradle.internal.execution.steps.ExecuteWorkBuildOperationFiringStep.lam
bda$execute$2(ExecuteWorkBuildOperationFiringStep.java:67)
	at org.gradle.internal.execution.steps.ExecuteWorkBuildOperationFiringStep.exe
cute(ExecuteWorkBuildOperationFiringStep.java:67)
	at org.gradle.internal.execution.steps.ExecuteWorkBuildOperationFiringStep.exe
cute(ExecuteWorkBuildOperationFiringStep.java:39)
	at org.gradle.internal.execution.steps.IdentityCacheStep.execute(IdentityCache
Step.java:46)
	at org.gradle.internal.execution.steps.IdentityCacheStep.execute(IdentityCache
Step.java:34)
	at 
org.gradle.internal.execution.steps.IdentifyStep.execute(IdentifyStep.java:44)
	at 
org.gradle.internal.execution.steps.IdentifyStep.execute(IdentifyStep.java:31)
	at org.gradle.internal.execution.impl.DefaultExecutionEngine$1.execute(Default
ExecutionEngine.java:68)
	at org.gradle.api.internal.tasks.execution.ExecuteActionsTaskExecuter.executeI
fValid(ExecuteActionsTaskExecuter.java:132)
	... 30 more

==============================================================================

2: Task failed with an exception.
-----------
* What went wrong:
Execution failed for task ':app:processDebugResources'.
> A failure occurred while executing com.android.build.gradle.internal.res.Link
ApplicationAndroidResourcesTask$TaskAction
   > Android resource linking failed
     com.example.app-main-60:/mipmap-anydpi/ic_launcher.xml: error: 
<adaptive-icon> elements require a sdk version of at least 26.
     com.example.app-main-60:/mipmap-anydpi/ic_launcher_round.xml: error: 
<adaptive-icon> elements require a sdk version of at least 26.
     error: failed linking file resources.


* Try:
> Run with --info or --debug option to get more log output.
> Run with --scan to get full insights from a Build Scan (powered by 
Develocity).
> Get more help at https://help.gradle.org.

* Exception is:
org.gradle.api.tasks.TaskExecutionException: Execution failed for task 
':app:processDebugResources'.
	at org.gradle.api.internal.tasks.execution.ExecuteActionsTaskExecuter.lambda$e
xecuteIfValid$1(ExecuteActionsTaskExecuter.java:135)
	at org.gradle.internal.Try$Failure.ifSuccessfulOrElse(Try.java:288)
	at org.gradle.api.internal.tasks.execution.ExecuteActionsTaskExecuter.executeI
fValid(ExecuteActionsTaskExecuter.java:133)
	at org.gradle.api.internal.tasks.execution.ExecuteActionsTaskExecuter.execute(
ExecuteActionsTaskExecuter.java:121)
	at org.gradle.api.internal.tasks.execution.ProblemsTaskPathTrackingTaskExecute
r.execute(ProblemsTaskPathTrackingTaskExecuter.java:41)
	at org.gradle.api.internal.tasks.execution.FinalizePropertiesTaskExecuter.exec
ute(FinalizePropertiesTaskExecuter.java:46)
	at org.gradle.api.internal.tasks.execution.ResolveTaskExecutionModeExecuter.ex
ecute(ResolveTaskExecutionModeExecuter.java:51)
	at org.gradle.api.internal.tasks.execution.SkipTaskWithNoActionsExecuter.execu
te(SkipTaskWithNoActionsExecuter.java:57)
	at org.gradle.api.internal.tasks.execution.SkipOnlyIfTaskExecuter.execute(Skip
OnlyIfTaskExecuter.java:74)
	at org.gradle.api.internal.tasks.execution.CatchExceptionTaskExecuter.execute(
CatchExceptionTaskExecuter.java:36)
	at org.gradle.api.internal.tasks.execution.EventFiringTaskExecuter$1.executeTa
sk(EventFiringTaskExecuter.java:77)
	at org.gradle.api.internal.tasks.execution.EventFiringTaskExecuter$1.call(Even
tFiringTaskExecuter.java:55)
	at org.gradle.api.internal.tasks.execution.EventFiringTaskExecuter$1.call(Even
tFiringTaskExecuter.java:52)
	at org.gradle.internal.operations.DefaultBuildOperationRunner$CallableBuildOpe
rationWorker.execute(DefaultBuildOperationRunner.java:209)
	at org.gradle.internal.operations.DefaultBuildOperationRunner$CallableBuildOpe
rationWorker.execute(DefaultBuildOperationRunner.java:204)
	at org.gradle.internal.operations.DefaultBuildOperationRunner$2.execute(Defaul
tBuildOperationRunner.java:66)
	at org.gradle.internal.operations.DefaultBuildOperationRunner$2.execute(Defaul
tBuildOperationRunner.java:59)
	at org.gradle.internal.operations.DefaultBuildOperationRunner.execute(DefaultB
uildOperationRunner.java:166)
	at org.gradle.internal.operations.DefaultBuildOperationRunner.execute(DefaultB
uildOperationRunner.java:59)
	at org.gradle.internal.operations.DefaultBuildOperationRunner.call(DefaultBuil
dOperationRunner.java:53)
	at org.gradle.api.internal.tasks.execution.EventFiringTaskExecuter.execute(Eve
ntFiringTaskExecuter.java:52)
	at org.gradle.execution.plan.DefaultNodeExecutor.executeLocalTaskNode(DefaultN
odeExecutor.java:55)
	at org.gradle.execution.plan.DefaultNodeExecutor.execute(DefaultNodeExecutor.j
ava:34)
	at org.gradle.execution.taskgraph.DefaultTaskExecutionGraph$InvokeNodeExecutor
sAction.execute(DefaultTaskExecutionGraph.java:355)
	at org.gradle.execution.taskgraph.DefaultTaskExecutionGraph$InvokeNodeExecutor
sAction.execute(DefaultTaskExecutionGraph.java:343)
	at org.gradle.execution.taskgraph.DefaultTaskExecutionGraph$BuildOperationAwar
eExecutionAction.lambda$execute$0(DefaultTaskExecutionGraph.java:339)
	at org.gradle.internal.operations.CurrentBuildOperationRef.with(CurrentBuildOp
erationRef.java:84)
	at org.gradle.execution.taskgraph.DefaultTaskExecutionGraph$BuildOperationAwar
eExecutionAction.execute(DefaultTaskExecutionGraph.java:339)
	at org.gradle.execution.taskgraph.DefaultTaskExecutionGraph$BuildOperationAwar
eExecutionAction.execute(DefaultTaskExecutionGraph.java:328)
	at org.gradle.execution.plan.DefaultPlanExecutor$ExecutorWorker.execute(Defaul
tPlanExecutor.java:459)
	at org.gradle.execution.plan.DefaultPlanExecutor$ExecutorWorker.run(DefaultPla
nExecutor.java:376)
	at org.gradle.internal.concurrent.ExecutorPolicy$CatchAndRecordFailures.onExec
ute(ExecutorPolicy.java:64)
	at org.gradle.internal.concurrent.AbstractManagedExecutor$1.run(AbstractManage
dExecutor.java:47)
	at java.base/java.util.concurrent.ThreadPoolExecutor.runWorker(ThreadPoolExecu
tor.java:1144)
	at java.base/java.util.concurrent.ThreadPoolExecutor$Worker.run(ThreadPoolExec
utor.java:642)
	at java.base/java.lang.Thread.run(Thread.java:1583)
Caused by: 
org.gradle.workers.internal.DefaultWorkerExecutor$WorkExecutionException: A 
failure occurred while executing com.android.build.gradle.internal.res.LinkAppl
icationAndroidResourcesTask$TaskAction
	at org.gradle.workers.internal.DefaultWorkerExecutor$WorkItemExecution.waitFor
Completion(DefaultWorkerExecutor.java:289)
	at org.gradle.internal.work.DefaultAsyncWorkTracker.lambda$waitForItemsAndGath
erFailures$2(DefaultAsyncWorkTracker.java:130)
	at org.gradle.internal.Factories$1.create(Factories.java:30)
	at org.gradle.internal.work.DefaultWorkerLeaseService.lambda$withoutLocks$2(De
faultWorkerLeaseService.java:344)
	at org.gradle.internal.work.ResourceLockStatistics$1.measure(ResourceLockStati
stics.java:42)
	at org.gradle.internal.work.DefaultWorkerLeaseService.withoutLocks(DefaultWork
erLeaseService.java:342)
	at org.gradle.internal.work.DefaultWorkerLeaseService.withoutLocks(DefaultWork
erLeaseService.java:326)
	at org.gradle.internal.work.DefaultWorkerLeaseService.withoutLock(DefaultWorke
rLeaseService.java:331)
	at org.gradle.internal.work.DefaultAsyncWorkTracker.waitForItemsAndGatherFailu
res(DefaultAsyncWorkTracker.java:126)
	at org.gradle.internal.work.DefaultAsyncWorkTracker.waitForItemsAndGatherFailu
res(DefaultAsyncWorkTracker.java:92)
	at org.gradle.internal.work.DefaultAsyncWorkTracker.waitForAll(DefaultAsyncWor
kTracker.java:78)
	at org.gradle.internal.work.DefaultAsyncWorkTracker.waitForCompletion(DefaultA
syncWorkTracker.java:66)
	at org.gradle.api.internal.tasks.execution.TaskExecution$3.run(TaskExecution.j
ava:267)
	at org.gradle.internal.operations.DefaultBuildOperationRunner$1.execute(Defaul
tBuildOperationRunner.java:29)
	at org.gradle.internal.operations.DefaultBuildOperationRunner$1.execute(Defaul
tBuildOperationRunner.java:26)
	at org.gradle.internal.operations.DefaultBuildOperationRunner$2.execute(Defaul
tBuildOperationRunner.java:66)
	at org.gradle.internal.operations.DefaultBuildOperationRunner$2.execute(Defaul
tBuildOperationRunner.java:59)
	at org.gradle.internal.operations.DefaultBuildOperationRunner.execute(DefaultB
uildOperationRunner.java:166)
	at org.gradle.internal.operations.DefaultBuildOperationRunner.execute(DefaultB
uildOperationRunner.java:59)
	at org.gradle.internal.operations.DefaultBuildOperationRunner.run(DefaultBuild
OperationRunner.java:47)
	at org.gradle.api.internal.tasks.execution.TaskExecution.executeAction(TaskExe
cution.java:244)
	at org.gradle.api.internal.tasks.execution.TaskExecution.executeActions(TaskEx
ecution.java:227)
	at org.gradle.api.internal.tasks.execution.TaskExecution.executeWithPreviousOu
tputFiles(TaskExecution.java:210)
	at org.gradle.api.internal.tasks.execution.TaskExecution.execute(TaskExecution
.java:176)
	at org.gradle.internal.execution.steps.ExecuteStep.executeInternal(ExecuteStep
.java:110)
	at 
org.gradle.internal.execution.steps.ExecuteStep.access$000(ExecuteStep.java:47)
	at org.gradle.internal.execution.steps.ExecuteStep$1.call(ExecuteStep.java:64)
	at org.gradle.internal.execution.steps.ExecuteStep$1.call(ExecuteStep.java:61)
	at org.gradle.internal.operations.DefaultBuildOperationRunner$CallableBuildOpe
rationWorker.execute(DefaultBuildOperationRunner.java:209)
	at org.gradle.internal.operations.DefaultBuildOperationRunner$CallableBuildOpe
rationWorker.execute(DefaultBuildOperationRunner.java:204)
	at org.gradle.internal.operations.DefaultBuildOperationRunner$2.execute(Defaul
tBuildOperationRunner.java:66)
	at org.gradle.internal.operations.DefaultBuildOperationRunner$2.execute(Defaul
tBuildOperationRunner.java:59)
	at org.gradle.internal.operations.DefaultBuildOperationRunner.execute(DefaultB
uildOperationRunner.java:166)
	at org.gradle.internal.operations.DefaultBuildOperationRunner.execute(DefaultB
uildOperationRunner.java:59)
	at org.gradle.internal.operations.DefaultBuildOperationRunner.call(DefaultBuil
dOperationRunner.java:53)
	at 
org.gradle.internal.execution.steps.ExecuteStep.execute(ExecuteStep.java:61)
	at 
org.gradle.internal.execution.steps.ExecuteStep.execute(ExecuteStep.java:47)
	at org.gradle.internal.execution.steps.CancelExecutionStep.execute(CancelExecu
tionStep.java:42)
	at org.gradle.internal.execution.steps.TimeoutStep.executeWithoutTimeout(Timeo
utStep.java:75)
	at 
org.gradle.internal.execution.steps.TimeoutStep.execute(TimeoutStep.java:55)
	at org.gradle.internal.execution.steps.PreCreateOutputParentsStep.execute(PreC
reateOutputParentsStep.java:51)
	at org.gradle.internal.execution.steps.PreCreateOutputParentsStep.execute(PreC
reateOutputParentsStep.java:29)
	at org.gradle.internal.execution.steps.RemovePreviousOutputsStep.executeMutabl
e(RemovePreviousOutputsStep.java:70)
	at org.gradle.internal.execution.steps.RemovePreviousOutputsStep.executeMutabl
e(RemovePreviousOutputsStep.java:40)
	at 
org.gradle.internal.execution.steps.MutableStep.execute(MutableStep.java:25)
	at org.gradle.internal.execution.steps.BroadcastChangingOutputsStep.execute(Br
oadcastChangingOutputsStep.java:62)
	at org.gradle.internal.execution.steps.BroadcastChangingOutputsStep.execute(Br
oadcastChangingOutputsStep.java:27)
	at org.gradle.internal.execution.steps.CaptureOutputsAfterExecutionStep.execut
e(CaptureOutputsAfterExecutionStep.java:69)
	at org.gradle.internal.execution.steps.CaptureOutputsAfterExecutionStep.execut
e(CaptureOutputsAfterExecutionStep.java:46)
	at org.gradle.internal.execution.steps.ResolveInputChangesStep.executeMutable(
ResolveInputChangesStep.java:39)
	at org.gradle.internal.execution.steps.ResolveInputChangesStep.executeMutable(
ResolveInputChangesStep.java:28)
	at 
org.gradle.internal.execution.steps.MutableStep.execute(MutableStep.java:25)
	at org.gradle.internal.execution.steps.BuildCacheStep.executeWithoutCache(Buil
dCacheStep.java:192)
	at org.gradle.internal.execution.steps.BuildCacheStep.executeAndStoreInCache(B
uildCacheStep.java:148)
	at org.gradle.internal.execution.steps.BuildCacheStep.lambda$executeWithCache$
4(BuildCacheStep.java:104)
	at java.base/java.util.Optional.orElseGet(Optional.java:364)
	at org.gradle.internal.execution.steps.BuildCacheStep.lambda$executeWithCache$
5(BuildCacheStep.java:104)
	at org.gradle.internal.Try$Success.map(Try.java:170)
	at org.gradle.internal.execution.steps.BuildCacheStep.executeWithCache(BuildCa
cheStep.java:88)
	at org.gradle.internal.execution.steps.BuildCacheStep.lambda$execute$0(BuildCa
cheStep.java:75)
	at org.gradle.internal.Either$Left.fold(Either.java:116)
	at 
org.gradle.internal.execution.caching.CachingState.fold(CachingState.java:62)
	at org.gradle.internal.execution.steps.BuildCacheStep.execute(BuildCacheStep.j
ava:74)
	at org.gradle.internal.execution.steps.BuildCacheStep.execute(BuildCacheStep.j
ava:49)
	at org.gradle.internal.execution.steps.StoreExecutionStateStep.execute(StoreEx
ecutionStateStep.java:46)
	at org.gradle.internal.execution.steps.StoreExecutionStateStep.execute(StoreEx
ecutionStateStep.java:35)
	at org.gradle.internal.execution.steps.SkipUpToDateStep.executeBecause(SkipUpT
oDateStep.java:75)
	at org.gradle.internal.execution.steps.SkipUpToDateStep.lambda$execute$2(SkipU
pToDateStep.java:53)
	at java.base/java.util.Optional.orElseGet(Optional.java:364)
	at org.gradle.internal.execution.steps.SkipUpToDateStep.execute(SkipUpToDateSt
ep.java:53)
	at org.gradle.internal.execution.steps.SkipUpToDateStep.execute(SkipUpToDateSt
ep.java:35)
	at org.gradle.internal.execution.steps.legacy.MarkSnapshottingInputsFinishedSt
ep.execute(MarkSnapshottingInputsFinishedStep.java:37)
	at org.gradle.internal.execution.steps.legacy.MarkSnapshottingInputsFinishedSt
ep.execute(MarkSnapshottingInputsFinishedStep.java:27)
	at org.gradle.internal.execution.steps.ResolveIncrementalCachingStateStep.exec
uteDelegate(ResolveIncrementalCachingStateStep.java:49)
	at org.gradle.internal.execution.steps.ResolveIncrementalCachingStateStep.exec
uteDelegate(ResolveIncrementalCachingStateStep.java:27)
	at org.gradle.internal.execution.steps.AbstractResolveCachingStateStep.execute
(AbstractResolveCachingStateStep.java:71)
	at org.gradle.internal.execution.steps.AbstractResolveCachingStateStep.execute
(AbstractResolveCachingStateStep.java:39)
	at org.gradle.internal.execution.steps.ResolveChangesStep.executeMutable(Resol
veChangesStep.java:63)
	at org.gradle.internal.execution.steps.ResolveChangesStep.executeMutable(Resol
veChangesStep.java:34)
	at 
org.gradle.internal.execution.steps.MutableStep.execute(MutableStep.java:25)
	at 
org.gradle.internal.execution.steps.ValidateStep.execute(ValidateStep.java:64)
	at 
org.gradle.internal.execution.steps.ValidateStep.execute(ValidateStep.java:42)
	at org.gradle.internal.execution.steps.AbstractCaptureStateBeforeExecutionStep
.execute(AbstractCaptureStateBeforeExecutionStep.java:77)
	at org.gradle.internal.execution.steps.AbstractCaptureStateBeforeExecutionStep
.execute(AbstractCaptureStateBeforeExecutionStep.java:46)
	at org.gradle.internal.execution.steps.AbstractSkipEmptyWorkStep.executeWithNo
nEmptySources(AbstractSkipEmptyWorkStep.java:133)
	at org.gradle.internal.execution.steps.AbstractSkipEmptyWorkStep.execute(Abstr
actSkipEmptyWorkStep.java:59)
	at org.gradle.internal.execution.steps.AbstractSkipEmptyWorkStep.execute(Abstr
actSkipEmptyWorkStep.java:36)
	at org.gradle.internal.execution.steps.legacy.MarkSnapshottingInputsStartedSte
p.execute(MarkSnapshottingInputsStartedStep.java:38)
	at org.gradle.internal.execution.steps.LoadPreviousExecutionStateStep.execute(
LoadPreviousExecutionStateStep.java:36)
	at org.gradle.internal.execution.steps.LoadPreviousExecutionStateStep.execute(
LoadPreviousExecutionStateStep.java:23)
	at org.gradle.internal.execution.steps.HandleStaleOutputsStep.executeMutable(H
andleStaleOutputsStep.java:77)
	at org.gradle.internal.execution.steps.HandleStaleOutputsStep.executeMutable(H
andleStaleOutputsStep.java:43)
	at 
org.gradle.internal.execution.steps.MutableStep.execute(MutableStep.java:25)
	at org.gradle.internal.execution.steps.AssignMutableWorkspaceStep.lambda$execu
te$0(AssignMutableWorkspaceStep.java:35)
	at org.gradle.api.internal.tasks.execution.TaskExecution$4.withWorkspace(TaskE
xecution.java:305)
	at org.gradle.internal.execution.steps.AssignMutableWorkspaceStep.execute(Assi
gnMutableWorkspaceStep.java:31)
	at org.gradle.internal.execution.steps.AssignMutableWorkspaceStep.execute(Assi
gnMutableWorkspaceStep.java:22)
	at org.gradle.internal.execution.steps.ChoosePipelineStep.execute(ChoosePipeli
neStep.java:40)
	at org.gradle.internal.execution.steps.ChoosePipelineStep.execute(ChoosePipeli
neStep.java:23)
	at org.gradle.internal.execution.steps.ExecuteWorkBuildOperationFiringStep.lam
bda$execute$2(ExecuteWorkBuildOperationFiringStep.java:67)
	at java.base/java.util.Optional.orElseGet(Optional.java:364)
	at org.gradle.internal.execution.steps.ExecuteWorkBuildOperationFiringStep.exe
cute(ExecuteWorkBuildOperationFiringStep.java:67)
	at org.gradle.internal.execution.steps.ExecuteWorkBuildOperationFiringStep.exe
cute(ExecuteWorkBuildOperationFiringStep.java:39)
	at org.gradle.internal.execution.steps.IdentityCacheStep.execute(IdentityCache
Step.java:46)
	at org.gradle.internal.execution.steps.IdentityCacheStep.execute(IdentityCache
Step.java:34)
	at 
org.gradle.internal.execution.steps.IdentifyStep.execute(IdentifyStep.java:44)
	at 
org.gradle.internal.execution.steps.IdentifyStep.execute(IdentifyStep.java:31)
	at org.gradle.internal.execution.impl.DefaultExecutionEngine$1.execute(Default
ExecutionEngine.java:68)
	at org.gradle.api.internal.tasks.execution.ExecuteActionsTaskExecuter.executeI
fValid(ExecuteActionsTaskExecuter.java:132)
	... 33 more
Caused by: com.android.builder.internal.aapt.v2.Aapt2Exception: Android 
resource linking failed
com.example.app-main-60:/mipmap-anydpi/ic_launcher.xml: error: <adaptive-icon> 
elements require a sdk version of at least 26.
com.example.app-main-60:/mipmap-anydpi/ic_launcher_round.xml: error: 
<adaptive-icon> elements require a sdk version of at least 26.
error: failed linking file resources.

	at com.android.builder.internal.aapt.v2.Aapt2Exception$Companion.create(Aapt2E
xception.kt:44)
	at com.android.builder.internal.aapt.v2.Aapt2Exception$Companion.create$defaul
t(Aapt2Exception.kt:33)
	at com.android.builder.internal.aapt.v2.Aapt2DaemonImpl.doLink(Aapt2DaemonImpl
.kt:187)
	at com.android.builder.internal.aapt.v2.Aapt2Daemon.link(Aapt2Daemon.kt:122)
	at com.android.builder.internal.aapt.v2.Aapt2DaemonManager$LeasedAaptDaemon.li
nk(Aapt2DaemonManager.kt:164)
	at com.android.builder.internal.aapt.v2.Aapt2DaemonManager$leasingAapt2Daemon$
1.link(Aapt2DaemonManager.kt:188)
	at com.android.build.gradle.internal.services.PartialInProcessResourceProcesso
r.link(PartialInProcessResourceProcessor.kt:51)
	at com.android.build.gradle.internal.res.Aapt2ProcessResourcesRunnableKt.proce
ssResources(Aapt2ProcessResourcesRunnable.kt:73)
	at com.android.build.gradle.internal.res.LinkApplicationAndroidResourcesTask$C
ompanion.invokeAaptForSplit(LinkApplicationAndroidResourcesTask.kt:857)
	at com.android.build.gradle.internal.res.LinkApplicationAndroidResourcesTask$C
ompanion.access$invokeAaptForSplit(LinkApplicationAndroidResourcesTask.kt:695)
	at com.android.build.gradle.internal.res.LinkApplicationAndroidResourcesTask$T
askAction.run(LinkApplicationAndroidResourcesTask.kt:396)
	at com.android.build.gradle.internal.profile.ProfileAwareWorkAction.execute(Pr
ofileAwareWorkAction.kt:66)
	at org.gradle.workers.internal.DefaultWorkerServer.execute(DefaultWorkerServer
.java:68)
	at org.gradle.workers.internal.NoIsolationWorkerFactory$1$1.create(NoIsolation
WorkerFactory.java:64)
	at org.gradle.workers.internal.NoIsolationWorkerFactory$1$1.create(NoIsolation
WorkerFactory.java:61)
	at org.gradle.internal.classloader.ClassLoaderUtils.executeInClassloader(Class
LoaderUtils.java:102)
	at org.gradle.workers.internal.NoIsolationWorkerFactory$1.lambda$execute$0(NoI
solationWorkerFactory.java:61)
	at org.gradle.workers.internal.AbstractWorker$1.call(AbstractWorker.java:44)
	at org.gradle.workers.internal.AbstractWorker$1.call(AbstractWorker.java:41)
	at org.gradle.internal.operations.DefaultBuildOperationRunner$CallableBuildOpe
rationWorker.execute(DefaultBuildOperationRunner.java:209)
	at org.gradle.internal.operations.DefaultBuildOperationRunner$CallableBuildOpe
rationWorker.execute(DefaultBuildOperationRunner.java:204)
	at org.gradle.internal.operations.DefaultBuildOperationRunner$2.execute(Defaul
tBuildOperationRunner.java:66)
	at org.gradle.internal.operations.DefaultBuildOperationRunner$2.execute(Defaul
tBuildOperationRunner.java:59)
	at org.gradle.internal.operations.DefaultBuildOperationRunner.execute(DefaultB
uildOperationRunner.java:166)
	at org.gradle.internal.operations.DefaultBuildOperationRunner.execute(DefaultB
uildOperationRunner.java:59)
	at org.gradle.internal.operations.DefaultBuildOperationRunner.call(DefaultBuil
dOperationRunner.java:53)
	at org.gradle.workers.internal.AbstractWorker.executeWrappedInBuildOperation(A
bstractWorker.java:41)
	at org.gradle.workers.internal.NoIsolationWorkerFactory$1.execute(NoIsolationW
orkerFactory.java:58)
	at org.gradle.workers.internal.DefaultWorkerExecutor.lambda$submitWork$0(Defau
ltWorkerExecutor.java:176)
	at java.base/java.util.concurrent.FutureTask.run(FutureTask.java:317)
	at org.gradle.internal.work.DefaultConditionalExecutionQueue$ExecutionRunner.r
unExecution(DefaultConditionalExecutionQueue.java:194)
	at org.gradle.internal.work.DefaultConditionalExecutionQueue$ExecutionRunner.a
ccess$700(DefaultConditionalExecutionQueue.java:127)
	at org.gradle.internal.work.DefaultConditionalExecutionQueue$ExecutionRunner$1
.run(DefaultConditionalExecutionQueue.java:169)
	at org.gradle.internal.Factories$1.create(Factories.java:30)
	at org.gradle.internal.work.DefaultWorkerLeaseService.lambda$withLocksAcquired
$0(DefaultWorkerLeaseService.java:269)
	at org.gradle.internal.work.ResourceLockStatistics$1.measure(ResourceLockStati
stics.java:42)
	at org.gradle.internal.work.DefaultWorkerLeaseService.withLocksAcquired(Defaul
tWorkerLeaseService.java:267)
	at org.gradle.internal.work.DefaultWorkerLeaseService.withLocks(DefaultWorkerL
easeService.java:259)
	at org.gradle.internal.work.DefaultWorkerLeaseService.runAsWorkerThread(Defaul
tWorkerLeaseService.java:127)
	at org.gradle.internal.work.DefaultWorkerLeaseService.runAsWorkerThread(Defaul
tWorkerLeaseService.java:132)
	at org.gradle.internal.work.DefaultConditionalExecutionQueue$ExecutionRunner.r
unBatch(DefaultConditionalExecutionQueue.java:164)
	at org.gradle.internal.work.DefaultConditionalExecutionQueue$ExecutionRunner.r
un(DefaultConditionalExecutionQueue.java:133)
	at java.base/java.util.concurrent.Executors$RunnableAdapter.call(Executors.jav
a:572)
	at java.base/java.util.concurrent.FutureTask.run(FutureTask.java:317)
	... 5 more
	Suppressed: java.util.NoSuchElementException: Unable to get absolute path 
from com.example.app-main-60:/mipmap-anydpi/ic_launcher.xml
                       because com.example.app-main-60 is not key in 
sourceSetPathMap.
		at com.android.ide.common.resources.RelativeResourceUtils$relativeResourcePat
hToAbsolutePath$1.invoke(RelativeResourceUtils.kt:93)
		at com.android.ide.common.resources.RelativeResourceUtils$relativeResourcePat
hToAbsolutePath$1.invoke(RelativeResourceUtils.kt:69)
		at com.android.ide.common.resources.RelativeResourceUtils.relativeResourcePat
hToAbsolutePath(RelativeResourceUtils.kt:62)
		at com.android.ide.common.blame.parser.aapt.Aapt2ErrorParser$MessageParser.pa
rse(Aapt2ErrorParser.kt:113)
		at com.android.ide.common.blame.parser.aapt.Aapt2ErrorParser.parse(Aapt2Error
Parser.kt:89)
		at com.android.ide.common.blame.parser.aapt.Aapt2OutputParser.parse(Aapt2Outp
utParser.java:56)
		at com.android.ide.common.blame.parser.ToolOutputParser.parseToolOutput(ToolO
utputParser.java:84)
		at com.android.build.gradle.internal.res.Aapt2ErrorUtils.rewriteException(Aap
t2ErrorUtils.kt:189)
		at com.android.build.gradle.internal.res.Aapt2ErrorUtils.rewriteLinkException
(Aapt2ErrorUtils.kt:120)
		at com.android.build.gradle.internal.res.Aapt2ProcessResourcesRunnableKt.proc
essResources(Aapt2ProcessResourcesRunnable.kt:75)
		... 41 more

==============================================================================

3: Task failed with an exception.
-----------
* What went wrong:
Execution failed for task ':app:compileDebugKotlin'.
> A failure occurred while executing org.jetbrains.kotlin.compilerRunner.Gradle
CompilerRunnerWithWorkers$GradleKotlinCompilerWorkAction
   > Compilation error. See log for more details

* Try:
> Run with --info or --debug option to get more log output.
> Run with --scan to get full insights from a Build Scan (powered by 
Develocity).
> Get more help at https://help.gradle.org.

* Exception is:
org.gradle.api.tasks.TaskExecutionException: Execution failed for task 
':app:compileDebugKotlin'.
	at org.gradle.api.internal.tasks.execution.ExecuteActionsTaskExecuter.lambda$e
xecuteIfValid$1(ExecuteActionsTaskExecuter.java:135)
	at org.gradle.internal.Try$Failure.ifSuccessfulOrElse(Try.java:288)
	at org.gradle.api.internal.tasks.execution.ExecuteActionsTaskExecuter.executeI
fValid(ExecuteActionsTaskExecuter.java:133)
	at org.gradle.api.internal.tasks.execution.ExecuteActionsTaskExecuter.execute(
ExecuteActionsTaskExecuter.java:121)
	at org.gradle.api.internal.tasks.execution.ProblemsTaskPathTrackingTaskExecute
r.execute(ProblemsTaskPathTrackingTaskExecuter.java:41)
	at org.gradle.api.internal.tasks.execution.FinalizePropertiesTaskExecuter.exec
ute(FinalizePropertiesTaskExecuter.java:46)
	at org.gradle.api.internal.tasks.execution.ResolveTaskExecutionModeExecuter.ex
ecute(ResolveTaskExecutionModeExecuter.java:51)
	at org.gradle.api.internal.tasks.execution.SkipTaskWithNoActionsExecuter.execu
te(SkipTaskWithNoActionsExecuter.java:57)
	at org.gradle.api.internal.tasks.execution.SkipOnlyIfTaskExecuter.execute(Skip
OnlyIfTaskExecuter.java:74)
	at org.gradle.api.internal.tasks.execution.CatchExceptionTaskExecuter.execute(
CatchExceptionTaskExecuter.java:36)
	at org.gradle.api.internal.tasks.execution.EventFiringTaskExecuter$1.executeTa
sk(EventFiringTaskExecuter.java:77)
	at org.gradle.api.internal.tasks.execution.EventFiringTaskExecuter$1.call(Even
tFiringTaskExecuter.java:55)
	at org.gradle.api.internal.tasks.execution.EventFiringTaskExecuter$1.call(Even
tFiringTaskExecuter.java:52)
	at org.gradle.internal.operations.DefaultBuildOperationRunner$CallableBuildOpe
rationWorker.execute(DefaultBuildOperationRunner.java:209)
	at org.gradle.internal.operations.DefaultBuildOperationRunner$CallableBuildOpe
rationWorker.execute(DefaultBuildOperationRunner.java:204)
	at org.gradle.internal.operations.DefaultBuildOperationRunner$2.execute(Defaul
tBuildOperationRunner.java:66)
	at org.gradle.internal.operations.DefaultBuildOperationRunner$2.execute(Defaul
tBuildOperationRunner.java:59)
	at org.gradle.internal.operations.DefaultBuildOperationRunner.execute(DefaultB
uildOperationRunner.java:166)
	at org.gradle.internal.operations.DefaultBuildOperationRunner.execute(DefaultB
uildOperationRunner.java:59)
	at org.gradle.internal.operations.DefaultBuildOperationRunner.call(DefaultBuil
dOperationRunner.java:53)
	at org.gradle.api.internal.tasks.execution.EventFiringTaskExecuter.execute(Eve
ntFiringTaskExecuter.java:52)
	at org.gradle.execution.plan.DefaultNodeExecutor.executeLocalTaskNode(DefaultN
odeExecutor.java:55)
	at org.gradle.execution.plan.DefaultNodeExecutor.execute(DefaultNodeExecutor.j
ava:34)
	at org.gradle.execution.taskgraph.DefaultTaskExecutionGraph$InvokeNodeExecutor
sAction.execute(DefaultTaskExecutionGraph.java:355)
	at org.gradle.execution.taskgraph.DefaultTaskExecutionGraph$InvokeNodeExecutor
sAction.execute(DefaultTaskExecutionGraph.java:343)
	at org.gradle.execution.taskgraph.DefaultTaskExecutionGraph$BuildOperationAwar
eExecutionAction.lambda$execute$0(DefaultTaskExecutionGraph.java:339)
	at org.gradle.internal.operations.CurrentBuildOperationRef.with(CurrentBuildOp
erationRef.java:84)
	at org.gradle.execution.taskgraph.DefaultTaskExecutionGraph$BuildOperationAwar
eExecutionAction.execute(DefaultTaskExecutionGraph.java:339)
	at org.gradle.execution.taskgraph.DefaultTaskExecutionGraph$BuildOperationAwar
eExecutionAction.execute(DefaultTaskExecutionGraph.java:328)
	at org.gradle.execution.plan.DefaultPlanExecutor$ExecutorWorker.execute(Defaul
tPlanExecutor.java:459)
	at org.gradle.execution.plan.DefaultPlanExecutor$ExecutorWorker.run(DefaultPla
nExecutor.java:376)
	at org.gradle.execution.plan.DefaultPlanExecutor.process(DefaultPlanExecutor.j
ava:111)
	at org.gradle.execution.taskgraph.DefaultTaskExecutionGraph.executeWithService
s(DefaultTaskExecutionGraph.java:146)
	at org.gradle.execution.taskgraph.DefaultTaskExecutionGraph.execute(DefaultTas
kExecutionGraph.java:131)
	at org.gradle.execution.SelectedTaskExecutionAction.execute(SelectedTaskExecut
ionAction.java:35)
	at org.gradle.execution.BuildOperationFiringBuildWorkerExecutor$ExecuteTasks.c
all(BuildOperationFiringBuildWorkerExecutor.java:54)
	at org.gradle.execution.BuildOperationFiringBuildWorkerExecutor$ExecuteTasks.c
all(BuildOperationFiringBuildWorkerExecutor.java:43)
	at org.gradle.internal.operations.DefaultBuildOperationRunner$CallableBuildOpe
rationWorker.execute(DefaultBuildOperationRunner.java:209)
	at org.gradle.internal.operations.DefaultBuildOperationRunner$CallableBuildOpe
rationWorker.execute(DefaultBuildOperationRunner.java:204)
	at org.gradle.internal.operations.DefaultBuildOperationRunner$2.execute(Defaul
tBuildOperationRunner.java:66)
	at org.gradle.internal.operations.DefaultBuildOperationRunner$2.execute(Defaul
tBuildOperationRunner.java:59)
	at org.gradle.internal.operations.DefaultBuildOperationRunner.execute(DefaultB
uildOperationRunner.java:166)
	at org.gradle.internal.operations.DefaultBuildOperationRunner.execute(DefaultB
uildOperationRunner.java:59)
	at org.gradle.internal.operations.DefaultBuildOperationRunner.call(DefaultBuil
dOperationRunner.java:53)
	at org.gradle.execution.BuildOperationFiringBuildWorkerExecutor.execute(BuildO
perationFiringBuildWorkerExecutor.java:40)
	at org.gradle.internal.build.DefaultBuildLifecycleController.lambda$executeTas
ks$10(DefaultBuildLifecycleController.java:313)
	at org.gradle.internal.model.StateTransitionController.doTransition(StateTrans
itionController.java:276)
	at org.gradle.internal.model.StateTransitionController.lambda$tryTransition$8(
StateTransitionController.java:187)
	at org.gradle.internal.work.DefaultSynchronizer.withLock(DefaultSynchronizer.j
ava:45)
	at org.gradle.internal.model.StateTransitionController.tryTransition(StateTran
sitionController.java:187)
	at org.gradle.internal.build.DefaultBuildLifecycleController.executeTasks(Defa
ultBuildLifecycleController.java:304)
	at org.gradle.internal.build.DefaultBuildWorkGraphController$DefaultBuildWorkG
raph.runWork(DefaultBuildWorkGraphController.java:220)
	at org.gradle.internal.work.DefaultWorkerLeaseService.lambda$withLocksAcquired
$0(DefaultWorkerLeaseService.java:269)
	at org.gradle.internal.work.ResourceLockStatistics$1.measure(ResourceLockStati
stics.java:42)
	at org.gradle.internal.work.DefaultWorkerLeaseService.withLocksAcquired(Defaul
tWorkerLeaseService.java:267)
	at org.gradle.internal.work.DefaultWorkerLeaseService.withLocks(DefaultWorkerL
easeService.java:259)
	at org.gradle.internal.work.DefaultWorkerLeaseService.runAsWorkerThread(Defaul
tWorkerLeaseService.java:127)
	at org.gradle.composite.internal.DefaultBuildController.doRun(DefaultBuildCont
roller.java:181)
	at org.gradle.composite.internal.DefaultBuildController.access$000(DefaultBuil
dController.java:50)
	at org.gradle.composite.internal.DefaultBuildController$BuildOpRunnable.lambda
$run$0(DefaultBuildController.java:198)
	at org.gradle.internal.operations.CurrentBuildOperationRef.with(CurrentBuildOp
erationRef.java:84)
	at org.gradle.composite.internal.DefaultBuildController$BuildOpRunnable.run(De
faultBuildController.java:198)
	at java.base/java.util.concurrent.Executors$RunnableAdapter.call(Executors.jav
a:572)
	at java.base/java.util.concurrent.FutureTask.run(FutureTask.java:317)
	at org.gradle.internal.concurrent.ExecutorPolicy$CatchAndRecordFailures.onExec
ute(ExecutorPolicy.java:64)
	at org.gradle.internal.concurrent.AbstractManagedExecutor$1.run(AbstractManage
dExecutor.java:47)
	at java.base/java.util.concurrent.ThreadPoolExecutor.runWorker(ThreadPoolExecu
tor.java:1144)
	at java.base/java.util.concurrent.ThreadPoolExecutor$Worker.run(ThreadPoolExec
utor.java:642)
	at java.base/java.lang.Thread.run(Thread.java:1583)
Caused by: 
org.gradle.workers.internal.DefaultWorkerExecutor$WorkExecutionException: A 
failure occurred while executing org.jetbrains.kotlin.compilerRunner.GradleComp
ilerRunnerWithWorkers$GradleKotlinCompilerWorkAction
	at org.gradle.workers.internal.DefaultWorkerExecutor$WorkItemExecution.waitFor
Completion(DefaultWorkerExecutor.java:289)
	at org.gradle.internal.work.DefaultAsyncWorkTracker.lambda$waitForItemsAndGath
erFailures$2(DefaultAsyncWorkTracker.java:130)
	at org.gradle.internal.Factories$1.create(Factories.java:30)
	at org.gradle.internal.work.DefaultWorkerLeaseService.lambda$withoutLocks$2(De
faultWorkerLeaseService.java:344)
	at org.gradle.internal.work.ResourceLockStatistics$1.measure(ResourceLockStati
stics.java:42)
	at org.gradle.internal.work.DefaultWorkerLeaseService.withoutLocks(DefaultWork
erLeaseService.java:342)
	at org.gradle.internal.work.DefaultWorkerLeaseService.withoutLocks(DefaultWork
erLeaseService.java:326)
	at org.gradle.internal.work.DefaultWorkerLeaseService.withoutLock(DefaultWorke
rLeaseService.java:331)
	at org.gradle.internal.work.DefaultAsyncWorkTracker.waitForItemsAndGatherFailu
res(DefaultAsyncWorkTracker.java:126)
	at org.gradle.internal.work.DefaultAsyncWorkTracker.waitForItemsAndGatherFailu
res(DefaultAsyncWorkTracker.java:92)
	at org.gradle.internal.work.DefaultAsyncWorkTracker.waitForAll(DefaultAsyncWor
kTracker.java:78)
	at org.gradle.internal.work.DefaultAsyncWorkTracker.waitForCompletion(DefaultA
syncWorkTracker.java:66)
	at org.gradle.api.internal.tasks.execution.TaskExecution$3.run(TaskExecution.j
ava:267)
	at org.gradle.internal.operations.DefaultBuildOperationRunner$1.execute(Defaul
tBuildOperationRunner.java:29)
	at org.gradle.internal.operations.DefaultBuildOperationRunner$1.execute(Defaul
tBuildOperationRunner.java:26)
	at org.gradle.internal.operations.DefaultBuildOperationRunner$2.execute(Defaul
tBuildOperationRunner.java:66)
	at org.gradle.internal.operations.DefaultBuildOperationRunner$2.execute(Defaul
tBuildOperationRunner.java:59)
	at org.gradle.internal.operations.DefaultBuildOperationRunner.execute(DefaultB
uildOperationRunner.java:166)
	at org.gradle.internal.operations.DefaultBuildOperationRunner.execute(DefaultB
uildOperationRunner.java:59)
	at org.gradle.internal.operations.DefaultBuildOperationRunner.run(DefaultBuild
OperationRunner.java:47)
	at org.gradle.api.internal.tasks.execution.TaskExecution.executeAction(TaskExe
cution.java:244)
	at org.gradle.api.internal.tasks.execution.TaskExecution.executeActions(TaskEx
ecution.java:227)
	at org.gradle.api.internal.tasks.execution.TaskExecution.executeWithPreviousOu
tputFiles(TaskExecution.java:210)
	at org.gradle.api.internal.tasks.execution.TaskExecution.execute(TaskExecution
.java:176)
	at org.gradle.internal.execution.steps.ExecuteStep.executeInternal(ExecuteStep
.java:110)
	at 
org.gradle.internal.execution.steps.ExecuteStep.access$000(ExecuteStep.java:47)
	at org.gradle.internal.execution.steps.ExecuteStep$1.call(ExecuteStep.java:64)
	at org.gradle.internal.execution.steps.ExecuteStep$1.call(ExecuteStep.java:61)
	at org.gradle.internal.operations.DefaultBuildOperationRunner$CallableBuildOpe
rationWorker.execute(DefaultBuildOperationRunner.java:209)
	at org.gradle.internal.operations.DefaultBuildOperationRunner$CallableBuildOpe
rationWorker.execute(DefaultBuildOperationRunner.java:204)
	at org.gradle.internal.operations.DefaultBuildOperationRunner$2.execute(Defaul
tBuildOperationRunner.java:66)
	at org.gradle.internal.operations.DefaultBuildOperationRunner$2.execute(Defaul
tBuildOperationRunner.java:59)
	at org.gradle.internal.operations.DefaultBuildOperationRunner.execute(DefaultB
uildOperationRunner.java:166)
	at org.gradle.internal.operations.DefaultBuildOperationRunner.execute(DefaultB
uildOperationRunner.java:59)
	at org.gradle.internal.operations.DefaultBuildOperationRunner.call(DefaultBuil
dOperationRunner.java:53)
	at 
org.gradle.internal.execution.steps.ExecuteStep.execute(ExecuteStep.java:61)
	at 
org.gradle.internal.execution.steps.ExecuteStep.execute(ExecuteStep.java:47)
	at org.gradle.internal.execution.steps.CancelExecutionStep.execute(CancelExecu
tionStep.java:42)
	at org.gradle.internal.execution.steps.TimeoutStep.executeWithoutTimeout(Timeo
utStep.java:75)
	at 
org.gradle.internal.execution.steps.TimeoutStep.execute(TimeoutStep.java:55)
	at org.gradle.internal.execution.steps.PreCreateOutputParentsStep.execute(PreC
reateOutputParentsStep.java:51)
	at org.gradle.internal.execution.steps.PreCreateOutputParentsStep.execute(PreC
reateOutputParentsStep.java:29)
	at org.gradle.internal.execution.steps.RemovePreviousOutputsStep.executeMutabl
e(RemovePreviousOutputsStep.java:70)
	at org.gradle.internal.execution.steps.RemovePreviousOutputsStep.executeMutabl
e(RemovePreviousOutputsStep.java:40)
	at 
org.gradle.internal.execution.steps.MutableStep.execute(MutableStep.java:25)
	at org.gradle.internal.execution.steps.BroadcastChangingOutputsStep.execute(Br
oadcastChangingOutputsStep.java:62)
	at org.gradle.internal.execution.steps.BroadcastChangingOutputsStep.execute(Br
oadcastChangingOutputsStep.java:27)
	at org.gradle.internal.execution.steps.CaptureOutputsAfterExecutionStep.execut
e(CaptureOutputsAfterExecutionStep.java:69)
	at org.gradle.internal.execution.steps.CaptureOutputsAfterExecutionStep.execut
e(CaptureOutputsAfterExecutionStep.java:46)
	at org.gradle.internal.execution.steps.ResolveInputChangesStep.executeMutable(
ResolveInputChangesStep.java:39)
	at org.gradle.internal.execution.steps.ResolveInputChangesStep.executeMutable(
ResolveInputChangesStep.java:28)
	at 
org.gradle.internal.execution.steps.MutableStep.execute(MutableStep.java:25)
	at org.gradle.internal.execution.steps.BuildCacheStep.executeWithoutCache(Buil
dCacheStep.java:192)
	at org.gradle.internal.execution.steps.BuildCacheStep.executeAndStoreInCache(B
uildCacheStep.java:148)
	at org.gradle.internal.execution.steps.BuildCacheStep.lambda$executeWithCache$
4(BuildCacheStep.java:104)
	at java.base/java.util.Optional.orElseGet(Optional.java:364)
	at org.gradle.internal.execution.steps.BuildCacheStep.lambda$executeWithCache$
5(BuildCacheStep.java:104)
	at org.gradle.internal.Try$Success.map(Try.java:170)
	at org.gradle.internal.execution.steps.BuildCacheStep.executeWithCache(BuildCa
cheStep.java:88)
	at org.gradle.internal.execution.steps.BuildCacheStep.lambda$execute$0(BuildCa
cheStep.java:75)
	at org.gradle.internal.Either$Left.fold(Either.java:116)
	at 
org.gradle.internal.execution.caching.CachingState.fold(CachingState.java:62)
	at org.gradle.internal.execution.steps.BuildCacheStep.execute(BuildCacheStep.j
ava:74)
	at org.gradle.internal.execution.steps.BuildCacheStep.execute(BuildCacheStep.j
ava:49)
	at org.gradle.internal.execution.steps.StoreExecutionStateStep.execute(StoreEx
ecutionStateStep.java:46)
	at org.gradle.internal.execution.steps.StoreExecutionStateStep.execute(StoreEx
ecutionStateStep.java:35)
	at org.gradle.internal.execution.steps.SkipUpToDateStep.executeBecause(SkipUpT
oDateStep.java:75)
	at org.gradle.internal.execution.steps.SkipUpToDateStep.lambda$execute$2(SkipU
pToDateStep.java:53)
	at java.base/java.util.Optional.orElseGet(Optional.java:364)
	at org.gradle.internal.execution.steps.SkipUpToDateStep.execute(SkipUpToDateSt
ep.java:53)
	at org.gradle.internal.execution.steps.SkipUpToDateStep.execute(SkipUpToDateSt
ep.java:35)
	at org.gradle.internal.execution.steps.legacy.MarkSnapshottingInputsFinishedSt
ep.execute(MarkSnapshottingInputsFinishedStep.java:37)
	at org.gradle.internal.execution.steps.legacy.MarkSnapshottingInputsFinishedSt
ep.execute(MarkSnapshottingInputsFinishedStep.java:27)
	at org.gradle.internal.execution.steps.ResolveIncrementalCachingStateStep.exec
uteDelegate(ResolveIncrementalCachingStateStep.java:49)
	at org.gradle.internal.execution.steps.ResolveIncrementalCachingStateStep.exec
uteDelegate(ResolveIncrementalCachingStateStep.java:27)
	at org.gradle.internal.execution.steps.AbstractResolveCachingStateStep.execute
(AbstractResolveCachingStateStep.java:71)
	at org.gradle.internal.execution.steps.AbstractResolveCachingStateStep.execute
(AbstractResolveCachingStateStep.java:39)
	at org.gradle.internal.execution.steps.ResolveChangesStep.executeMutable(Resol
veChangesStep.java:63)
	at org.gradle.internal.execution.steps.ResolveChangesStep.executeMutable(Resol
veChangesStep.java:34)
	at 
org.gradle.internal.execution.steps.MutableStep.execute(MutableStep.java:25)
	at 
org.gradle.internal.execution.steps.ValidateStep.execute(ValidateStep.java:64)
	at 
org.gradle.internal.execution.steps.ValidateStep.execute(ValidateStep.java:42)
	at org.gradle.internal.execution.steps.AbstractCaptureStateBeforeExecutionStep
.execute(AbstractCaptureStateBeforeExecutionStep.java:77)
	at org.gradle.internal.execution.steps.AbstractCaptureStateBeforeExecutionStep
.execute(AbstractCaptureStateBeforeExecutionStep.java:46)
	at org.gradle.internal.execution.steps.AbstractSkipEmptyWorkStep.executeWithNo
nEmptySources(AbstractSkipEmptyWorkStep.java:133)
	at org.gradle.internal.execution.steps.AbstractSkipEmptyWorkStep.execute(Abstr
actSkipEmptyWorkStep.java:64)
	at org.gradle.internal.execution.steps.AbstractSkipEmptyWorkStep.execute(Abstr
actSkipEmptyWorkStep.java:36)
	at org.gradle.internal.execution.steps.legacy.MarkSnapshottingInputsStartedSte
p.execute(MarkSnapshottingInputsStartedStep.java:38)
	at org.gradle.internal.execution.steps.LoadPreviousExecutionStateStep.execute(
LoadPreviousExecutionStateStep.java:36)
	at org.gradle.internal.execution.steps.LoadPreviousExecutionStateStep.execute(
LoadPreviousExecutionStateStep.java:23)
	at org.gradle.internal.execution.steps.HandleStaleOutputsStep.executeMutable(H
andleStaleOutputsStep.java:77)
	at org.gradle.internal.execution.steps.HandleStaleOutputsStep.executeMutable(H
andleStaleOutputsStep.java:43)
	at 
org.gradle.internal.execution.steps.MutableStep.execute(MutableStep.java:25)
	at org.gradle.internal.execution.steps.AssignMutableWorkspaceStep.lambda$execu
te$0(AssignMutableWorkspaceStep.java:35)
	at org.gradle.api.internal.tasks.execution.TaskExecution$4.withWorkspace(TaskE
xecution.java:305)
	at org.gradle.internal.execution.steps.AssignMutableWorkspaceStep.execute(Assi
gnMutableWorkspaceStep.java:31)
	at org.gradle.internal.execution.steps.AssignMutableWorkspaceStep.execute(Assi
gnMutableWorkspaceStep.java:22)
	at org.gradle.internal.execution.steps.ChoosePipelineStep.execute(ChoosePipeli
neStep.java:40)
	at org.gradle.internal.execution.steps.ChoosePipelineStep.execute(ChoosePipeli
neStep.java:23)
	at org.gradle.internal.execution.steps.ExecuteWorkBuildOperationFiringStep.lam
bda$execute$2(ExecuteWorkBuildOperationFiringStep.java:67)
	at java.base/java.util.Optional.orElseGet(Optional.java:364)
	at org.gradle.internal.execution.steps.ExecuteWorkBuildOperationFiringStep.exe
cute(ExecuteWorkBuildOperationFiringStep.java:67)
	at org.gradle.internal.execution.steps.ExecuteWorkBuildOperationFiringStep.exe
cute(ExecuteWorkBuildOperationFiringStep.java:39)
	at org.gradle.internal.execution.steps.IdentityCacheStep.execute(IdentityCache
Step.java:46)
	at org.gradle.internal.execution.steps.IdentityCacheStep.execute(IdentityCache
Step.java:34)
	at 
org.gradle.internal.execution.steps.IdentifyStep.execute(IdentifyStep.java:44)
	at 
org.gradle.internal.execution.steps.IdentifyStep.execute(IdentifyStep.java:31)
	at org.gradle.internal.execution.impl.DefaultExecutionEngine$1.execute(Default
ExecutionEngine.java:68)
	at org.gradle.api.internal.tasks.execution.ExecuteActionsTaskExecuter.executeI
fValid(ExecuteActionsTaskExecuter.java:132)
	... 66 more
Caused by: org.jetbrains.kotlin.gradle.tasks.CompilationErrorException: 
Compilation error. See log for more details
	at org.jetbrains.kotlin.gradle.tasks.TasksUtilsKt.throwExceptionIfCompilationF
ailed(tasksUtils.kt:21)
	at org.jetbrains.kotlin.compilerRunner.GradleKotlinCompilerWork.run(GradleKotl
inCompilerWork.kt:119)
	at org.jetbrains.kotlin.compilerRunner.GradleCompilerRunnerWithWorkers$GradleK
otlinCompilerWorkAction.execute(GradleCompilerRunnerWithWorkers.kt:74)
	at org.gradle.workers.internal.DefaultWorkerServer.execute(DefaultWorkerServer
.java:68)
	at org.gradle.workers.internal.NoIsolationWorkerFactory$1$1.create(NoIsolation
WorkerFactory.java:64)
	at org.gradle.workers.internal.NoIsolationWorkerFactory$1$1.create(NoIsolation
WorkerFactory.java:61)
	at org.gradle.internal.classloader.ClassLoaderUtils.executeInClassloader(Class
LoaderUtils.java:102)
	at org.gradle.workers.internal.NoIsolationWorkerFactory$1.lambda$execute$0(NoI
solationWorkerFactory.java:61)
	at org.gradle.workers.internal.AbstractWorker$1.call(AbstractWorker.java:44)
	at org.gradle.workers.internal.AbstractWorker$1.call(AbstractWorker.java:41)
	at org.gradle.internal.operations.DefaultBuildOperationRunner$CallableBuildOpe
rationWorker.execute(DefaultBuildOperationRunner.java:209)
	at org.gradle.internal.operations.DefaultBuildOperationRunner$CallableBuildOpe
rationWorker.execute(DefaultBuildOperationRunner.java:204)
	at org.gradle.internal.operations.DefaultBuildOperationRunner$2.execute(Defaul
tBuildOperationRunner.java:66)
	at org.gradle.internal.operations.DefaultBuildOperationRunner$2.execute(Defaul
tBuildOperationRunner.java:59)
29 actionable tasks: 29 executed
	at org.gradle.internal.operations.DefaultBuildOperationRunner.execute(DefaultB
uildOperationRunner.java:166)
	at org.gradle.internal.operations.DefaultBuildOperationRunner.execute(DefaultB
uildOperationRunner.java:59)
	at org.gradle.internal.operations.DefaultBuildOperationRunner.call(DefaultBuil
dOperationRunner.java:53)
	at org.gradle.workers.internal.AbstractWorker.executeWrappedInBuildOperation(A
bstractWorker.java:41)
	at org.gradle.workers.internal.NoIsolationWorkerFactory$1.execute(NoIsolationW
orkerFactory.java:58)
	at org.gradle.workers.internal.DefaultWorkerExecutor.lambda$submitWork$0(Defau
ltWorkerExecutor.java:176)
	at java.base/java.util.concurrent.FutureTask.run(FutureTask.java:317)
	at org.gradle.internal.work.DefaultConditionalExecutionQueue$ExecutionRunner.r
unExecution(DefaultConditionalExecutionQueue.java:194)
	at org.gradle.internal.work.DefaultConditionalExecutionQueue$ExecutionRunner.a
ccess$700(DefaultConditionalExecutionQueue.java:127)
	at org.gradle.internal.work.DefaultConditionalExecutionQueue$ExecutionRunner$1
.run(DefaultConditionalExecutionQueue.java:169)
	at org.gradle.internal.Factories$1.create(Factories.java:30)
	at org.gradle.internal.work.DefaultWorkerLeaseService.lambda$withLocksAcquired
$0(DefaultWorkerLeaseService.java:269)
	at org.gradle.internal.work.ResourceLockStatistics$1.measure(ResourceLockStati
stics.java:42)
	at org.gradle.internal.work.DefaultWorkerLeaseService.withLocksAcquired(Defaul
tWorkerLeaseService.java:267)
	at org.gradle.internal.work.DefaultWorkerLeaseService.withLocks(DefaultWorkerL
easeService.java:259)
	at org.gradle.internal.work.DefaultWorkerLeaseService.runAsWorkerThread(Defaul
tWorkerLeaseService.java:127)
	at org.gradle.internal.work.DefaultWorkerLeaseService.runAsWorkerThread(Defaul
tWorkerLeaseService.java:132)
	at org.gradle.internal.work.DefaultConditionalExecutionQueue$ExecutionRunner.r
unBatch(DefaultConditionalExecutionQueue.java:164)
	at org.gradle.internal.work.DefaultConditionalExecutionQueue$ExecutionRunner.r
un(DefaultConditionalExecutionQueue.java:133)
	... 7 more

==============================================================================

BUILD FAILED in 8m 49s
Configuration cache entry stored.
